#  step      rmse_trn   rmse_lc_trn         lr
      0      2.10e-01      2.10e-01    1.0e-02
   1000      4.03e-03      4.03e-03    1.0e-02
   2000      3.53e-03      3.53e-03    1.0e-02
   3000      2.87e-03      2.87e-03    1.0e-02
   4000      7.01e-03      7.01e-03    1.0e-02
   5000      8.38e-03      8.38e-03    9.7e-03
   6000      3.01e-03      3.01e-03    9.7e-03
   7000      1.46e-02      1.46e-02    9.7e-03
   8000      1.94e-03      1.94e-03    9.7e-03
   9000      1.77e-03      1.77e-03    9.7e-03
  10000      4.84e-03      4.84e-03    9.5e-03
  11000      3.58e-03      3.58e-03    9.5e-03
  12000      4.32e-03      4.32e-03    9.5e-03
  13000      3.57e-03      3.57e-03    9.5e-03
  14000      6.41e-03      6.41e-03    9.5e-03
  15000      5.99e-03      5.99e-03    9.3e-03
  16000      4.07e-03      4.07e-03    9.3e-03
  17000      3.42e-03      3.42e-03    9.3e-03
  18000      2.95e-03      2.95e-03    9.3e-03
  19000      2.37e-03      2.37e-03    9.3e-03
  20000      3.94e-03      3.94e-03    9.0e-03
  21000      1.98e-03      1.98e-03    9.0e-03
  22000      2.67e-03      2.67e-03    9.0e-03
  23000      2.31e-03      2.31e-03    9.0e-03
  24000      6.73e-03      6.73e-03    9.0e-03
  25000      5.44e-03      5.44e-03    8.8e-03
  26000      4.47e-03      4.47e-03    8.8e-03
  27000      3.45e-03      3.45e-03    8.8e-03
  28000      3.89e-03      3.89e-03    8.8e-03
  29000      3.64e-03      3.64e-03    8.8e-03
  30000      1.13e-02      1.13e-02    8.6e-03
  31000      7.96e-03      7.96e-03    8.6e-03
  32000      4.98e-03      4.98e-03    8.6e-03
  33000      4.70e-03      4.70e-03    8.6e-03
  34000      1.15e-02      1.15e-02    8.6e-03
  35000      9.11e-03      9.11e-03    8.4e-03
  36000      2.94e-03      2.94e-03    8.4e-03
  37000      3.26e-03      3.26e-03    8.4e-03
  38000      2.92e-03      2.92e-03    8.4e-03
  39000      1.93e-03      1.93e-03    8.4e-03
  40000      2.96e-03      2.96e-03    8.1e-03
  41000      2.44e-03      2.44e-03    8.1e-03
  42000      1.82e-03      1.82e-03    8.1e-03
  43000      1.67e-02      1.67e-02    8.1e-03
  44000      5.18e-03      5.18e-03    8.1e-03
  45000      5.43e-03      5.43e-03    7.9e-03
  46000      5.31e-03      5.31e-03    7.9e-03
  47000      3.90e-03      3.90e-03    7.9e-03
  48000      4.04e-03      4.04e-03    7.9e-03
  49000      2.82e-03      2.82e-03    7.9e-03
  50000      5.87e-03      5.87e-03    7.7e-03
  51000      2.86e-03      2.86e-03    7.7e-03
  52000      2.60e-03      2.60e-03    7.7e-03
  53000      5.65e-03      5.65e-03    7.7e-03
  54000      3.77e-03      3.77e-03    7.7e-03
  55000      2.82e-03      2.82e-03    7.5e-03
  56000      3.38e-03      3.38e-03    7.5e-03
  57000      2.33e-03      2.33e-03    7.5e-03
  58000      3.49e-03      3.49e-03    7.5e-03
  59000      2.13e-03      2.13e-03    7.5e-03
  60000      4.25e-03      4.25e-03    7.4e-03
  61000      8.88e-03      8.88e-03    7.4e-03
  62000      7.05e-03      7.05e-03    7.4e-03
  63000      4.77e-03      4.77e-03    7.4e-03
  64000      4.38e-03      4.38e-03    7.4e-03
  65000      8.99e-03      8.99e-03    7.2e-03
  66000      1.82e-02      1.82e-02    7.2e-03
  67000      3.11e-03      3.11e-03    7.2e-03
  68000      6.28e-03      6.28e-03    7.2e-03
  69000      2.89e-03      2.89e-03    7.2e-03
  70000      9.32e-03      9.32e-03    7.0e-03
  71000      2.50e-03      2.50e-03    7.0e-03
  72000      2.37e-03      2.37e-03    7.0e-03
  73000      2.48e-03      2.48e-03    7.0e-03
  74000      3.74e-03      3.74e-03    7.0e-03
  75000      2.54e-03      2.54e-03    6.8e-03
  76000      2.48e-03      2.48e-03    6.8e-03
  77000      2.31e-03      2.31e-03    6.8e-03
  78000      3.49e-03      3.49e-03    6.8e-03
  79000      2.64e-03      2.64e-03    6.8e-03
  80000      2.34e-03      2.34e-03    6.6e-03
  81000      2.93e-03      2.93e-03    6.6e-03
  82000      2.61e-03      2.61e-03    6.6e-03
  83000      5.18e-03      5.18e-03    6.6e-03
  84000      4.54e-03      4.54e-03    6.6e-03
  85000      3.03e-03      3.03e-03    6.5e-03
  86000      2.50e-03      2.50e-03    6.5e-03
  87000      2.12e-03      2.12e-03    6.5e-03
  88000      3.59e-03      3.59e-03    6.5e-03
  89000      1.94e-03      1.94e-03    6.5e-03
  90000      2.92e-03      2.92e-03    6.3e-03
  91000      2.30e-03      2.30e-03    6.3e-03
  92000      2.42e-03      2.42e-03    6.3e-03
  93000      3.17e-03      3.17e-03    6.3e-03
  94000      4.80e-03      4.80e-03    6.3e-03
  95000      2.50e-03      2.50e-03    6.1e-03
  96000      2.42e-03      2.42e-03    6.1e-03
  97000      2.38e-03      2.38e-03    6.1e-03
  98000      4.30e-03      4.30e-03    6.1e-03
  99000      2.12e-03      2.12e-03    6.1e-03
 100000      3.27e-03      3.27e-03    6.0e-03
 101000      2.36e-03      2.36e-03    6.0e-03
 102000      2.36e-03      2.36e-03    6.0e-03
 103000      2.26e-03      2.26e-03    6.0e-03
 104000      2.41e-03      2.41e-03    6.0e-03
 105000      1.76e-03      1.76e-03    5.8e-03
 106000      3.33e-03      3.33e-03    5.8e-03
 107000      3.48e-03      3.48e-03    5.8e-03
 108000      4.92e-03      4.92e-03    5.8e-03
 109000      1.13e-02      1.13e-02    5.8e-03
 110000      2.32e-03      2.32e-03    5.7e-03
 111000      3.05e-03      3.05e-03    5.7e-03
 112000      1.70e-03      1.70e-03    5.7e-03
 113000      2.70e-03      2.70e-03    5.7e-03
 114000      2.75e-03      2.75e-03    5.7e-03
 115000      2.25e-03      2.25e-03    5.5e-03
 116000      1.75e-03      1.75e-03    5.5e-03
 117000      1.86e-03      1.86e-03    5.5e-03
 118000      3.83e-03      3.83e-03    5.5e-03
 119000      2.13e-03      2.13e-03    5.5e-03
 120000      2.24e-03      2.24e-03    5.4e-03
 121000      1.42e-03      1.42e-03    5.4e-03
 122000      2.31e-03      2.31e-03    5.4e-03
 123000      2.29e-03      2.29e-03    5.4e-03
 124000      2.91e-03      2.91e-03    5.4e-03
 125000      2.18e-03      2.18e-03    5.3e-03
 126000      2.86e-03      2.86e-03    5.3e-03
 127000      3.29e-03      3.29e-03    5.3e-03
 128000      1.73e-03      1.73e-03    5.3e-03
 129000      1.92e-03      1.92e-03    5.3e-03
 130000      2.23e-03      2.23e-03    5.1e-03
 131000      2.12e-03      2.12e-03    5.1e-03
 132000      2.68e-03      2.68e-03    5.1e-03
 133000      2.39e-03      2.39e-03    5.1e-03
 134000      1.94e-03      1.94e-03    5.1e-03
 135000      2.41e-03      2.41e-03    5.0e-03
 136000      2.07e-03      2.07e-03    5.0e-03
 137000      1.50e-03      1.50e-03    5.0e-03
 138000      3.89e-03      3.89e-03    5.0e-03
 139000      1.79e-03      1.79e-03    5.0e-03
 140000      1.60e-03      1.60e-03    4.9e-03
 141000      1.76e-03      1.76e-03    4.9e-03
 142000      2.20e-03      2.20e-03    4.9e-03
 143000      9.00e-03      9.00e-03    4.9e-03
 144000      2.07e-03      2.07e-03    4.9e-03
 145000      2.05e-03      2.05e-03    4.8e-03
 146000      1.94e-03      1.94e-03    4.8e-03
 147000      2.66e-03      2.66e-03    4.8e-03
 148000      2.56e-03      2.56e-03    4.8e-03
 149000      3.50e-03      3.50e-03    4.8e-03
 150000      1.65e-03      1.65e-03    4.6e-03
 151000      2.69e-03      2.69e-03    4.6e-03
 152000      1.87e-03      1.87e-03    4.6e-03
 153000      2.17e-03      2.17e-03    4.6e-03
 154000      1.59e-03      1.59e-03    4.6e-03
 155000      2.02e-03      2.02e-03    4.5e-03
 156000      1.90e-03      1.90e-03    4.5e-03
 157000      1.83e-03      1.83e-03    4.5e-03
 158000      2.90e-03      2.90e-03    4.5e-03
 159000      1.91e-03      1.91e-03    4.5e-03
 160000      3.53e-03      3.53e-03    4.4e-03
 161000      2.45e-03      2.45e-03    4.4e-03
 162000      4.06e-03      4.06e-03    4.4e-03
 163000      2.17e-03      2.17e-03    4.4e-03
 164000      1.95e-03      1.95e-03    4.4e-03
 165000      2.17e-03      2.17e-03    4.3e-03
 166000      1.97e-03      1.97e-03    4.3e-03
 167000      5.67e-03      5.67e-03    4.3e-03
 168000      2.27e-03      2.27e-03    4.3e-03
 169000      1.80e-03      1.80e-03    4.3e-03
 170000      2.62e-03      2.62e-03    4.2e-03
 171000      1.54e-03      1.54e-03    4.2e-03
 172000      1.94e-03      1.94e-03    4.2e-03
 173000      1.86e-03      1.86e-03    4.2e-03
 174000      1.98e-03      1.98e-03    4.2e-03
 175000      2.27e-03      2.27e-03    4.1e-03
 176000      6.07e-03      6.07e-03    4.1e-03
 177000      2.16e-03      2.16e-03    4.1e-03
 178000      2.46e-03      2.46e-03    4.1e-03
 179000      1.94e-03      1.94e-03    4.1e-03
 180000      1.69e-03      1.69e-03    4.0e-03
 181000      2.15e-03      2.15e-03    4.0e-03
 182000      1.66e-03      1.66e-03    4.0e-03
 183000      1.45e-03      1.45e-03    4.0e-03
 184000      2.29e-03      2.29e-03    4.0e-03
 185000      1.28e-03      1.28e-03    3.9e-03
 186000      1.97e-03      1.97e-03    3.9e-03
 187000      2.10e-03      2.10e-03    3.9e-03
 188000      2.12e-03      2.12e-03    3.9e-03
 189000      2.36e-03      2.36e-03    3.9e-03
 190000      2.17e-03      2.17e-03    3.8e-03
 191000      2.46e-03      2.46e-03    3.8e-03
 192000      1.70e-03      1.70e-03    3.8e-03
 193000      1.95e-03      1.95e-03    3.8e-03
 194000      1.40e-03      1.40e-03    3.8e-03
 195000      1.76e-03      1.76e-03    3.7e-03
 196000      1.60e-03      1.60e-03    3.7e-03
 197000      2.42e-03      2.42e-03    3.7e-03
 198000      2.79e-03      2.79e-03    3.7e-03
 199000      1.46e-03      1.46e-03    3.7e-03
 200000      2.69e-03      2.69e-03    3.6e-03
 201000      1.79e-03      1.79e-03    3.6e-03
 202000      1.59e-03      1.59e-03    3.6e-03
 203000      2.14e-03      2.14e-03    3.6e-03
 204000      1.59e-03      1.59e-03    3.6e-03
 205000      2.24e-03      2.24e-03    3.5e-03
 206000      1.64e-03      1.64e-03    3.5e-03
 207000      2.52e-03      2.52e-03    3.5e-03
 208000      1.73e-03      1.73e-03    3.5e-03
 209000      2.98e-03      2.98e-03    3.5e-03
 210000      1.74e-03      1.74e-03    3.4e-03
 211000      1.72e-03      1.72e-03    3.4e-03
 212000      1.80e-03      1.80e-03    3.4e-03
 213000      2.81e-03      2.81e-03    3.4e-03
 214000      2.15e-03      2.15e-03    3.4e-03
 215000      2.26e-03      2.26e-03    3.3e-03
 216000      1.99e-03      1.99e-03    3.3e-03
 217000      2.35e-03      2.35e-03    3.3e-03
 218000      1.98e-03      1.98e-03    3.3e-03
 219000      1.54e-03      1.54e-03    3.3e-03
 220000      1.49e-03      1.49e-03    3.2e-03
 221000      1.62e-03      1.62e-03    3.2e-03
 222000      2.53e-03      2.53e-03    3.2e-03
 223000      2.08e-03      2.08e-03    3.2e-03
 224000      1.69e-03      1.69e-03    3.2e-03
 225000      1.56e-03      1.56e-03    3.2e-03
 226000      1.75e-03      1.75e-03    3.2e-03
 227000      1.80e-03      1.80e-03    3.2e-03
 228000      2.17e-03      2.17e-03    3.2e-03
 229000      1.60e-03      1.60e-03    3.2e-03
 230000      1.60e-03      1.60e-03    3.1e-03
 231000      1.83e-03      1.83e-03    3.1e-03
 232000      2.53e-03      2.53e-03    3.1e-03
 233000      2.55e-03      2.55e-03    3.1e-03
 234000      2.35e-03      2.35e-03    3.1e-03
 235000      1.76e-03      1.76e-03    3.0e-03
 236000      1.36e-03      1.36e-03    3.0e-03
 237000      1.45e-03      1.45e-03    3.0e-03
 238000      1.62e-03      1.62e-03    3.0e-03
 239000      2.11e-03      2.11e-03    3.0e-03
 240000      1.83e-03      1.83e-03    2.9e-03
 241000      2.21e-03      2.21e-03    2.9e-03
 242000      2.06e-03      2.06e-03    2.9e-03
 243000      1.57e-03      1.57e-03    2.9e-03
 244000      2.19e-03      2.19e-03    2.9e-03
 245000      1.83e-03      1.83e-03    2.8e-03
 246000      1.70e-03      1.70e-03    2.8e-03
 247000      1.48e-03      1.48e-03    2.8e-03
 248000      1.73e-03      1.73e-03    2.8e-03
 249000      1.65e-03      1.65e-03    2.8e-03
 250000      1.96e-03      1.96e-03    2.8e-03
 251000      3.85e-03      3.85e-03    2.8e-03
 252000      1.51e-03      1.51e-03    2.8e-03
 253000      1.46e-03      1.46e-03    2.8e-03
 254000      1.92e-03      1.92e-03    2.8e-03
 255000      1.51e-03      1.51e-03    2.7e-03
 256000      2.20e-03      2.20e-03    2.7e-03
 257000      1.47e-03      1.47e-03    2.7e-03
 258000      1.70e-03      1.70e-03    2.7e-03
 259000      1.73e-03      1.73e-03    2.7e-03
 260000      1.76e-03      1.76e-03    2.6e-03
 261000      1.75e-03      1.75e-03    2.6e-03
 262000      1.56e-03      1.56e-03    2.6e-03
 263000      1.70e-03      1.70e-03    2.6e-03
 264000      2.27e-03      2.27e-03    2.6e-03
 265000      2.55e-03      2.55e-03    2.6e-03
 266000      1.80e-03      1.80e-03    2.6e-03
 267000      1.98e-03      1.98e-03    2.6e-03
 268000      1.65e-03      1.65e-03    2.6e-03
 269000      2.30e-03      2.30e-03    2.6e-03
 270000      1.68e-03      1.68e-03    2.5e-03
 271000      1.42e-03      1.42e-03    2.5e-03
 272000      1.65e-03      1.65e-03    2.5e-03
 273000      1.57e-03      1.57e-03    2.5e-03
 274000      1.86e-03      1.86e-03    2.5e-03
 275000      1.76e-03      1.76e-03    2.4e-03
 276000      1.90e-03      1.90e-03    2.4e-03
 277000      1.96e-03      1.96e-03    2.4e-03
 278000      2.41e-03      2.41e-03    2.4e-03
 279000      2.03e-03      2.03e-03    2.4e-03
 280000      1.65e-03      1.65e-03    2.4e-03
 281000      1.99e-03      1.99e-03    2.4e-03
 282000      1.83e-03      1.83e-03    2.4e-03
 283000      1.72e-03      1.72e-03    2.4e-03
 284000      1.60e-03      1.60e-03    2.4e-03
 285000      2.15e-03      2.15e-03    2.3e-03
 286000      1.77e-03      1.77e-03    2.3e-03
 287000      1.97e-03      1.97e-03    2.3e-03
 288000      1.99e-03      1.99e-03    2.3e-03
 289000      2.06e-03      2.06e-03    2.3e-03
 290000      2.07e-03      2.07e-03    2.3e-03
 291000      1.70e-03      1.70e-03    2.3e-03
 292000      1.75e-03      1.75e-03    2.3e-03
 293000      1.60e-03      1.60e-03    2.3e-03
 294000      2.21e-03      2.21e-03    2.3e-03
 295000      1.87e-03      1.87e-03    2.2e-03
 296000      1.42e-03      1.42e-03    2.2e-03
 297000      1.70e-03      1.70e-03    2.2e-03
 298000      1.88e-03      1.88e-03    2.2e-03
 299000      2.53e-03      2.53e-03    2.2e-03
 300000      1.67e-03      1.67e-03    2.1e-03
 301000      1.87e-03      1.87e-03    2.1e-03
 302000      2.15e-03      2.15e-03    2.1e-03
 303000      1.60e-03      1.60e-03    2.1e-03
 304000      1.58e-03      1.58e-03    2.1e-03
 305000      2.16e-03      2.16e-03    2.1e-03
 306000      3.21e-03      3.21e-03    2.1e-03
 307000      1.72e-03      1.72e-03    2.1e-03
 308000      1.39e-03      1.39e-03    2.1e-03
 309000      1.77e-03      1.77e-03    2.1e-03
 310000      1.63e-03      1.63e-03    2.0e-03
 311000      2.05e-03      2.05e-03    2.0e-03
 312000      1.36e-03      1.36e-03    2.0e-03
 313000      1.51e-03      1.51e-03    2.0e-03
 314000      9.34e-03      9.34e-03    2.0e-03
 315000      1.76e-03      1.76e-03    2.0e-03
 316000      1.86e-03      1.86e-03    2.0e-03
 317000      1.52e-03      1.52e-03    2.0e-03
 318000      1.77e-03      1.77e-03    2.0e-03
 319000      1.82e-03      1.82e-03    2.0e-03
 320000      1.50e-03      1.50e-03    1.9e-03
 321000      1.52e-03      1.52e-03    1.9e-03
 322000      2.21e-03      2.21e-03    1.9e-03
 323000      2.03e-03      2.03e-03    1.9e-03
 324000      2.00e-03      2.00e-03    1.9e-03
 325000      1.97e-03      1.97e-03    1.9e-03
 326000      1.52e-03      1.52e-03    1.9e-03
 327000      1.62e-03      1.62e-03    1.9e-03
 328000      1.74e-03      1.74e-03    1.9e-03
 329000      1.99e-03      1.99e-03    1.9e-03
 330000      1.91e-03      1.91e-03    1.8e-03
 331000      2.09e-03      2.09e-03    1.8e-03
 332000      1.52e-03      1.52e-03    1.8e-03
 333000      2.10e-03      2.10e-03    1.8e-03
 334000      1.89e-03      1.89e-03    1.8e-03
 335000      2.20e-03      2.20e-03    1.8e-03
 336000      1.56e-03      1.56e-03    1.8e-03
 337000      1.48e-03      1.48e-03    1.8e-03
 338000      2.05e-03      2.05e-03    1.8e-03
 339000      1.52e-03      1.52e-03    1.8e-03
 340000      1.23e-03      1.23e-03    1.7e-03
 341000      1.69e-03      1.69e-03    1.7e-03
 342000      1.99e-03      1.99e-03    1.7e-03
 343000      1.49e-03      1.49e-03    1.7e-03
 344000      2.63e-03      2.63e-03    1.7e-03
 345000      1.61e-03      1.61e-03    1.7e-03
 346000      1.99e-03      1.99e-03    1.7e-03
 347000      1.38e-03      1.38e-03    1.7e-03
 348000      1.50e-03      1.50e-03    1.7e-03
 349000      1.40e-03      1.40e-03    1.7e-03
 350000      1.59e-03      1.59e-03    1.7e-03
 351000      2.19e-03      2.19e-03    1.7e-03
 352000      1.51e-03      1.51e-03    1.7e-03
 353000      2.14e-03      2.14e-03    1.7e-03
 354000      1.81e-03      1.81e-03    1.7e-03
 355000      1.38e-03      1.38e-03    1.6e-03
 356000      1.59e-03      1.59e-03    1.6e-03
 357000      1.60e-03      1.60e-03    1.6e-03
 358000      1.58e-03      1.58e-03    1.6e-03
 359000      1.38e-03      1.38e-03    1.6e-03
 360000      1.64e-03      1.64e-03    1.6e-03
 361000      1.60e-03      1.60e-03    1.6e-03
 362000      1.94e-03      1.94e-03    1.6e-03
 363000      1.59e-03      1.59e-03    1.6e-03
 364000      1.65e-03      1.65e-03    1.6e-03
 365000      1.50e-03      1.50e-03    1.5e-03
 366000      1.70e-03      1.70e-03    1.5e-03
 367000      1.58e-03      1.58e-03    1.5e-03
 368000      1.68e-03      1.68e-03    1.5e-03
 369000      1.58e-03      1.58e-03    1.5e-03
 370000      1.54e-03      1.54e-03    1.5e-03
 371000      1.63e-03      1.63e-03    1.5e-03
 372000      1.76e-03      1.76e-03    1.5e-03
 373000      1.39e-03      1.39e-03    1.5e-03
 374000      2.26e-03      2.26e-03    1.5e-03
 375000      1.75e-03      1.75e-03    1.5e-03
 376000      1.56e-03      1.56e-03    1.5e-03
 377000      1.47e-03      1.47e-03    1.5e-03
 378000      2.38e-03      2.38e-03    1.5e-03
 379000      1.96e-03      1.96e-03    1.5e-03
 380000      1.72e-03      1.72e-03    1.4e-03
 381000      1.77e-03      1.77e-03    1.4e-03
 382000      1.85e-03      1.85e-03    1.4e-03
 383000      2.08e-03      2.08e-03    1.4e-03
 384000      1.69e-03      1.69e-03    1.4e-03
 385000      1.98e-03      1.98e-03    1.4e-03
 386000      1.82e-03      1.82e-03    1.4e-03
 387000      1.99e-03      1.99e-03    1.4e-03
 388000      1.67e-03      1.67e-03    1.4e-03
 389000      1.60e-03      1.60e-03    1.4e-03
 390000      2.40e-03      2.40e-03    1.4e-03
 391000      1.30e-03      1.30e-03    1.4e-03
 392000      1.69e-03      1.69e-03    1.4e-03
 393000      2.03e-03      2.03e-03    1.4e-03
 394000      1.96e-03      1.96e-03    1.4e-03
 395000      1.89e-03      1.89e-03    1.3e-03
 396000      1.66e-03      1.66e-03    1.3e-03
 397000      1.58e-03      1.58e-03    1.3e-03
 398000      1.92e-03      1.92e-03    1.3e-03
 399000      1.76e-03      1.76e-03    1.3e-03
 400000      1.68e-03      1.68e-03    1.3e-03
 401000      1.40e-03      1.40e-03    1.3e-03
 402000      2.03e-03      2.03e-03    1.3e-03
 403000      1.70e-03      1.70e-03    1.3e-03
 404000      1.81e-03      1.81e-03    1.3e-03
 405000      1.42e-03      1.42e-03    1.3e-03
 406000      1.64e-03      1.64e-03    1.3e-03
 407000      1.56e-03      1.56e-03    1.3e-03
 408000      2.03e-03      2.03e-03    1.3e-03
 409000      1.64e-03      1.64e-03    1.3e-03
 410000      1.32e-03      1.32e-03    1.2e-03
 411000      1.71e-03      1.71e-03    1.2e-03
 412000      2.30e-03      2.30e-03    1.2e-03
 413000      1.47e-03      1.47e-03    1.2e-03
 414000      1.26e-03      1.26e-03    1.2e-03
 415000      1.43e-03      1.43e-03    1.2e-03
 416000      1.59e-03      1.59e-03    1.2e-03
 417000      1.91e-03      1.91e-03    1.2e-03
 418000      1.95e-03      1.95e-03    1.2e-03
 419000      2.09e-03      2.09e-03    1.2e-03
 420000      1.68e-03      1.68e-03    1.2e-03
 421000      1.79e-03      1.79e-03    1.2e-03
 422000      2.39e-03      2.39e-03    1.2e-03
 423000      1.87e-03      1.87e-03    1.2e-03
 424000      1.66e-03      1.66e-03    1.2e-03
 425000      2.00e-03      2.00e-03    1.1e-03
 426000      2.01e-03      2.01e-03    1.1e-03
 427000      2.12e-03      2.12e-03    1.1e-03
 428000      2.01e-03      2.01e-03    1.1e-03
 429000      1.98e-03      1.98e-03    1.1e-03
 430000      1.77e-03      1.77e-03    1.1e-03
 431000      2.15e-03      2.15e-03    1.1e-03
 432000      1.68e-03      1.68e-03    1.1e-03
 433000      1.49e-03      1.49e-03    1.1e-03
 434000      1.84e-03      1.84e-03    1.1e-03
 435000      1.64e-03      1.64e-03    1.1e-03
 436000      1.59e-03      1.59e-03    1.1e-03
 437000      1.61e-03      1.61e-03    1.1e-03
 438000      2.01e-03      2.01e-03    1.1e-03
 439000      1.41e-03      1.41e-03    1.1e-03
 440000      2.21e-03      2.21e-03    1.0e-03
 441000      1.31e-03      1.31e-03    1.0e-03
 442000      1.72e-03      1.72e-03    1.0e-03
 443000      1.47e-03      1.47e-03    1.0e-03
 444000      1.56e-03      1.56e-03    1.0e-03
 445000      1.95e-03      1.95e-03    1.0e-03
 446000      1.49e-03      1.49e-03    1.0e-03
 447000      1.94e-03      1.94e-03    1.0e-03
 448000      1.51e-03      1.51e-03    1.0e-03
 449000      2.06e-03      2.06e-03    1.0e-03
 450000      2.19e-03      2.19e-03    9.9e-04
 451000      1.53e-03      1.53e-03    9.9e-04
 452000      1.74e-03      1.74e-03    9.9e-04
 453000      1.78e-03      1.78e-03    9.9e-04
 454000      1.66e-03      1.66e-03    9.9e-04
 455000      1.74e-03      1.74e-03    9.7e-04
 456000      1.29e-03      1.29e-03    9.7e-04
 457000      1.43e-03      1.43e-03    9.7e-04
 458000      1.65e-03      1.65e-03    9.7e-04
 459000      1.99e-03      1.99e-03    9.7e-04
 460000      1.46e-03      1.46e-03    9.4e-04
 461000      1.51e-03      1.51e-03    9.4e-04
 462000      1.96e-03      1.96e-03    9.4e-04
 463000      1.80e-03      1.80e-03    9.4e-04
 464000      1.82e-03      1.82e-03    9.4e-04
 465000      1.64e-03      1.64e-03    9.2e-04
 466000      1.68e-03      1.68e-03    9.2e-04
 467000      1.53e-03      1.53e-03    9.2e-04
 468000      1.48e-03      1.48e-03    9.2e-04
 469000      1.49e-03      1.49e-03    9.2e-04
 470000      1.66e-03      1.66e-03    9.0e-04
 471000      1.77e-03      1.77e-03    9.0e-04
 472000      1.41e-03      1.41e-03    9.0e-04
 473000      1.80e-03      1.80e-03    9.0e-04
 474000      1.91e-03      1.91e-03    9.0e-04
 475000      1.69e-03      1.69e-03    8.7e-04
 476000      1.51e-03      1.51e-03    8.7e-04
 477000      1.39e-03      1.39e-03    8.7e-04
 478000      1.69e-03      1.69e-03    8.7e-04
 479000      2.02e-03      2.02e-03    8.7e-04
 480000      1.79e-03      1.79e-03    8.5e-04
 481000      1.59e-03      1.59e-03    8.5e-04
 482000      1.59e-03      1.59e-03    8.5e-04
 483000      2.20e-03      2.20e-03    8.5e-04
 484000      1.43e-03      1.43e-03    8.5e-04
 485000      2.52e-03      2.52e-03    8.3e-04
 486000      1.77e-03      1.77e-03    8.3e-04
 487000      1.76e-03      1.76e-03    8.3e-04
 488000      1.52e-03      1.52e-03    8.3e-04
 489000      1.53e-03      1.53e-03    8.3e-04
 490000      1.49e-03      1.49e-03    8.1e-04
 491000      1.67e-03      1.67e-03    8.1e-04
 492000      1.65e-03      1.65e-03    8.1e-04
 493000      1.41e-03      1.41e-03    8.1e-04
 494000      1.31e-03      1.31e-03    8.1e-04
 495000      1.83e-03      1.83e-03    7.9e-04
 496000      2.09e-03      2.09e-03    7.9e-04
 497000      2.06e-03      2.06e-03    7.9e-04
 498000      2.01e-03      2.01e-03    7.9e-04
 499000      1.56e-03      1.56e-03    7.9e-04
 500000      1.73e-03      1.73e-03    7.7e-04
 501000      1.96e-03      1.96e-03    7.7e-04
 502000      1.38e-03      1.38e-03    7.7e-04
 503000      1.45e-03      1.45e-03    7.7e-04
 504000      1.72e-03      1.72e-03    7.7e-04
 505000      1.62e-03      1.62e-03    7.5e-04
 506000      1.26e-03      1.26e-03    7.5e-04
 507000      2.37e-03      2.37e-03    7.5e-04
 508000      1.62e-03      1.62e-03    7.5e-04
 509000      2.14e-03      2.14e-03    7.5e-04
 510000      1.37e-03      1.37e-03    7.3e-04
 511000      1.52e-03      1.52e-03    7.3e-04
 512000      1.48e-03      1.48e-03    7.3e-04
 513000      1.81e-03      1.81e-03    7.3e-04
 514000      1.61e-03      1.61e-03    7.3e-04
 515000      1.29e-03      1.29e-03    7.1e-04
 516000      2.28e-03      2.28e-03    7.1e-04
 517000      1.87e-03      1.87e-03    7.1e-04
 518000      2.19e-03      2.19e-03    7.1e-04
 519000      1.89e-03      1.89e-03    7.1e-04
 520000      2.27e-03      2.27e-03    6.9e-04
 521000      1.62e-03      1.62e-03    6.9e-04
 522000      1.55e-03      1.55e-03    6.9e-04
 523000      1.97e-03      1.97e-03    6.9e-04
 524000      2.04e-03      2.04e-03    6.9e-04
 525000      1.60e-03      1.60e-03    6.8e-04
 526000      1.92e-03      1.92e-03    6.8e-04
 527000      1.68e-03      1.68e-03    6.8e-04
 528000      1.99e-03      1.99e-03    6.8e-04
 529000      1.51e-03      1.51e-03    6.8e-04
 530000      1.41e-03      1.41e-03    6.6e-04
 531000      1.47e-03      1.47e-03    6.6e-04
 532000      2.00e-03      2.00e-03    6.6e-04
 533000      1.56e-03      1.56e-03    6.6e-04
 534000      1.50e-03      1.50e-03    6.6e-04
 535000      1.57e-03      1.57e-03    6.4e-04
 536000      1.96e-03      1.96e-03    6.4e-04
 537000      1.47e-03      1.47e-03    6.4e-04
 538000      1.32e-03      1.32e-03    6.4e-04
 539000      2.30e-03      2.30e-03    6.4e-04
 540000      1.43e-03      1.43e-03    6.3e-04
 541000      1.57e-03      1.57e-03    6.3e-04
 542000      2.36e-03      2.36e-03    6.3e-04
 543000      1.50e-03      1.50e-03    6.3e-04
 544000      2.34e-03      2.34e-03    6.3e-04
 545000      1.85e-03      1.85e-03    6.1e-04
 546000      2.07e-03      2.07e-03    6.1e-04
 547000      1.51e-03      1.51e-03    6.1e-04
 548000      1.95e-03      1.95e-03    6.1e-04
 549000      1.46e-03      1.46e-03    6.1e-04
 550000      1.90e-03      1.90e-03    6.0e-04
 551000      1.75e-03      1.75e-03    6.0e-04
 552000      1.85e-03      1.85e-03    6.0e-04
 553000      1.70e-03      1.70e-03    6.0e-04
 554000      1.74e-03      1.74e-03    6.0e-04
 555000      1.88e-03      1.88e-03    5.8e-04
 556000      1.71e-03      1.71e-03    5.8e-04
 557000      2.21e-03      2.21e-03    5.8e-04
 558000      2.24e-03      2.24e-03    5.8e-04
 559000      1.87e-03      1.87e-03    5.8e-04
 560000      1.37e-03      1.37e-03    5.7e-04
 561000      1.35e-03      1.35e-03    5.7e-04
 562000      1.51e-03      1.51e-03    5.7e-04
 563000      2.11e-03      2.11e-03    5.7e-04
 564000      1.53e-03      1.53e-03    5.7e-04
 565000      1.79e-03      1.79e-03    5.5e-04
 566000      1.57e-03      1.57e-03    5.5e-04
 567000      2.02e-03      2.02e-03    5.5e-04
 568000      1.39e-03      1.39e-03    5.5e-04
 569000      2.16e-03      2.16e-03    5.5e-04
 570000      1.60e-03      1.60e-03    5.4e-04
 571000      1.41e-03      1.41e-03    5.4e-04
 572000      2.16e-03      2.16e-03    5.4e-04
 573000      1.81e-03      1.81e-03    5.4e-04
 574000      1.97e-03      1.97e-03    5.4e-04
 575000      1.67e-03      1.67e-03    5.2e-04
 576000      1.37e-03      1.37e-03    5.2e-04
 577000      2.04e-03      2.04e-03    5.2e-04
 578000      1.44e-03      1.44e-03    5.2e-04
 579000      1.83e-03      1.83e-03    5.2e-04
 580000      1.96e-03      1.96e-03    5.1e-04
 581000      1.57e-03      1.57e-03    5.1e-04
 582000      1.66e-03      1.66e-03    5.1e-04
 583000      1.90e-03      1.90e-03    5.1e-04
 584000      1.49e-03      1.49e-03    5.1e-04
 585000      1.68e-03      1.68e-03    5.0e-04
 586000      1.77e-03      1.77e-03    5.0e-04
 587000      1.55e-03      1.55e-03    5.0e-04
 588000      2.02e-03      2.02e-03    5.0e-04
 589000      1.97e-03      1.97e-03    5.0e-04
 590000      1.39e-03      1.39e-03    4.8e-04
 591000      1.13e-03      1.13e-03    4.8e-04
 592000      2.25e-03      2.25e-03    4.8e-04
 593000      1.72e-03      1.72e-03    4.8e-04
 594000      1.85e-03      1.85e-03    4.8e-04
 595000      1.52e-03      1.52e-03    4.7e-04
 596000      1.49e-03      1.49e-03    4.7e-04
 597000      1.49e-03      1.49e-03    4.7e-04
 598000      1.72e-03      1.72e-03    4.7e-04
 599000      1.43e-03      1.43e-03    4.7e-04
 600000      1.46e-03      1.46e-03    4.6e-04
 601000      2.01e-03      2.01e-03    4.6e-04
 602000      1.49e-03      1.49e-03    4.6e-04
 603000      1.49e-03      1.49e-03    4.6e-04
 604000      2.07e-03      2.07e-03    4.6e-04
 605000      1.57e-03      1.57e-03    4.5e-04
 606000      1.89e-03      1.89e-03    4.5e-04
 607000      1.57e-03      1.57e-03    4.5e-04
 608000      1.51e-03      1.51e-03    4.5e-04
 609000      1.44e-03      1.44e-03    4.5e-04
 610000      1.47e-03      1.47e-03    4.4e-04
 611000      1.21e-03      1.21e-03    4.4e-04
 612000      1.40e-03      1.40e-03    4.4e-04
 613000      1.50e-03      1.50e-03    4.4e-04
 614000      1.84e-03      1.84e-03    4.4e-04
 615000      1.51e-03      1.51e-03    4.3e-04
 616000      1.52e-03      1.52e-03    4.3e-04
 617000      2.00e-03      2.00e-03    4.3e-04
 618000      1.72e-03      1.72e-03    4.3e-04
 619000      1.44e-03      1.44e-03    4.3e-04
 620000      2.16e-03      2.16e-03    4.2e-04
 621000      2.04e-03      2.04e-03    4.2e-04
 622000      2.23e-03      2.23e-03    4.2e-04
 623000      1.53e-03      1.53e-03    4.2e-04
 624000      1.17e-03      1.17e-03    4.2e-04
 625000      1.64e-03      1.64e-03    4.1e-04
 626000      1.96e-03      1.96e-03    4.1e-04
 627000      1.51e-03      1.51e-03    4.1e-04
 628000      1.58e-03      1.58e-03    4.1e-04
 629000      1.57e-03      1.57e-03    4.1e-04
 630000      1.28e-03      1.28e-03    3.9e-04
 631000      1.40e-03      1.40e-03    3.9e-04
 632000      1.82e-03      1.82e-03    3.9e-04
 633000      2.32e-03      2.32e-03    3.9e-04
 634000      1.44e-03      1.44e-03    3.9e-04
 635000      2.24e-03      2.24e-03    3.8e-04
 636000      1.55e-03      1.55e-03    3.8e-04
 637000      1.50e-03      1.50e-03    3.8e-04
 638000      1.61e-03      1.61e-03    3.8e-04
 639000      1.36e-03      1.36e-03    3.8e-04
 640000      1.67e-03      1.67e-03    3.8e-04
 641000      1.46e-03      1.46e-03    3.8e-04
 642000      1.79e-03      1.79e-03    3.8e-04
 643000      1.46e-03      1.46e-03    3.8e-04
 644000      1.90e-03      1.90e-03    3.8e-04
 645000      2.37e-03      2.37e-03    3.7e-04
 646000      1.84e-03      1.84e-03    3.7e-04
 647000      1.65e-03      1.65e-03    3.7e-04
 648000      2.05e-03      2.05e-03    3.7e-04
 649000      1.41e-03      1.41e-03    3.7e-04
 650000      2.09e-03      2.09e-03    3.6e-04
 651000      1.35e-03      1.35e-03    3.6e-04
 652000      1.32e-03      1.32e-03    3.6e-04
 653000      1.74e-03      1.74e-03    3.6e-04
 654000      1.59e-03      1.59e-03    3.6e-04
 655000      1.37e-03      1.37e-03    3.5e-04
 656000      1.62e-03      1.62e-03    3.5e-04
 657000      1.88e-03      1.88e-03    3.5e-04
 658000      1.77e-03      1.77e-03    3.5e-04
 659000      2.08e-03      2.08e-03    3.5e-04
 660000      1.41e-03      1.41e-03    3.4e-04
 661000      1.78e-03      1.78e-03    3.4e-04
 662000      1.49e-03      1.49e-03    3.4e-04
 663000      1.97e-03      1.97e-03    3.4e-04
 664000      2.33e-03      2.33e-03    3.4e-04
 665000      1.23e-03      1.23e-03    3.3e-04
 666000      1.62e-03      1.62e-03    3.3e-04
 667000      1.46e-03      1.46e-03    3.3e-04
 668000      1.68e-03      1.68e-03    3.3e-04
 669000      1.38e-03      1.38e-03    3.3e-04
 670000      1.53e-03      1.53e-03    3.2e-04
 671000      1.66e-03      1.66e-03    3.2e-04
 672000      1.83e-03      1.83e-03    3.2e-04
 673000      2.02e-03      2.02e-03    3.2e-04
 674000      1.36e-03      1.36e-03    3.2e-04
 675000      1.48e-03      1.48e-03    3.1e-04
 676000      1.54e-03      1.54e-03    3.1e-04
 677000      1.59e-03      1.59e-03    3.1e-04
 678000      1.66e-03      1.66e-03    3.1e-04
 679000      1.96e-03      1.96e-03    3.1e-04
 680000      1.52e-03      1.52e-03    3.1e-04
 681000      1.85e-03      1.85e-03    3.1e-04
 682000      1.29e-03      1.29e-03    3.1e-04
 683000      1.47e-03      1.47e-03    3.1e-04
 684000      1.51e-03      1.51e-03    3.1e-04
 685000      1.64e-03      1.64e-03    3.0e-04
 686000      2.03e-03      2.03e-03    3.0e-04
 687000      1.59e-03      1.59e-03    3.0e-04
 688000      1.43e-03      1.43e-03    3.0e-04
 689000      1.93e-03      1.93e-03    3.0e-04
 690000      1.94e-03      1.94e-03    2.9e-04
 691000      1.84e-03      1.84e-03    2.9e-04
 692000      1.27e-03      1.27e-03    2.9e-04
 693000      2.24e-03      2.24e-03    2.9e-04
 694000      1.95e-03      1.95e-03    2.9e-04
 695000      1.57e-03      1.57e-03    2.8e-04
 696000      1.50e-03      1.50e-03    2.8e-04
 697000      1.60e-03      1.60e-03    2.8e-04
 698000      1.37e-03      1.37e-03    2.8e-04
 699000      1.41e-03      1.41e-03    2.8e-04
 700000      1.93e-03      1.93e-03    2.8e-04
 701000      1.55e-03      1.55e-03    2.8e-04
 702000      1.52e-03      1.52e-03    2.8e-04
 703000      1.73e-03      1.73e-03    2.8e-04
 704000      1.52e-03      1.52e-03    2.8e-04
 705000      1.45e-03      1.45e-03    2.7e-04
 706000      1.38e-03      1.38e-03    2.7e-04
 707000      1.40e-03      1.40e-03    2.7e-04
 708000      2.08e-03      2.08e-03    2.7e-04
 709000      1.58e-03      1.58e-03    2.7e-04
 710000      1.43e-03      1.43e-03    2.6e-04
 711000      1.59e-03      1.59e-03    2.6e-04
 712000      1.59e-03      1.59e-03    2.6e-04
 713000      1.47e-03      1.47e-03    2.6e-04
 714000      1.50e-03      1.50e-03    2.6e-04
 715000      1.43e-03      1.43e-03    2.6e-04
 716000      1.80e-03      1.80e-03    2.6e-04
 717000      1.50e-03      1.50e-03    2.6e-04
 718000      1.76e-03      1.76e-03    2.6e-04
 719000      1.91e-03      1.91e-03    2.6e-04
 720000      2.11e-03      2.11e-03    2.5e-04
 721000      1.37e-03      1.37e-03    2.5e-04
 722000      1.32e-03      1.32e-03    2.5e-04
 723000      1.50e-03      1.50e-03    2.5e-04
 724000      1.83e-03      1.83e-03    2.5e-04
 725000      1.33e-03      1.33e-03    2.4e-04
 726000      1.35e-03      1.35e-03    2.4e-04
 727000      1.47e-03      1.47e-03    2.4e-04
 728000      2.11e-03      2.11e-03    2.4e-04
 729000      1.68e-03      1.68e-03    2.4e-04
 730000      1.60e-03      1.60e-03    2.4e-04
 731000      1.71e-03      1.71e-03    2.4e-04
 732000      1.63e-03      1.63e-03    2.4e-04
 733000      1.19e-03      1.19e-03    2.4e-04
 734000      1.77e-03      1.77e-03    2.4e-04
 735000      2.42e-03      2.42e-03    2.3e-04
 736000      1.51e-03      1.51e-03    2.3e-04
 737000      1.55e-03      1.55e-03    2.3e-04
 738000      1.64e-03      1.64e-03    2.3e-04
 739000      1.34e-03      1.34e-03    2.3e-04
 740000      1.77e-03      1.77e-03    2.2e-04
 741000      1.31e-03      1.31e-03    2.2e-04
 742000      1.37e-03      1.37e-03    2.2e-04
 743000      1.43e-03      1.43e-03    2.2e-04
 744000      1.94e-03      1.94e-03    2.2e-04
 745000      1.33e-03      1.33e-03    2.2e-04
 746000      2.06e-03      2.06e-03    2.2e-04
 747000      2.32e-03      2.32e-03    2.2e-04
 748000      1.81e-03      1.81e-03    2.2e-04
 749000      1.57e-03      1.57e-03    2.2e-04
 750000      2.08e-03      2.08e-03    2.1e-04
 751000      1.85e-03      1.85e-03    2.1e-04
 752000      1.84e-03      1.84e-03    2.1e-04
 753000      1.82e-03      1.82e-03    2.1e-04
 754000      1.92e-03      1.92e-03    2.1e-04
 755000      1.42e-03      1.42e-03    2.1e-04
 756000      1.52e-03      1.52e-03    2.1e-04
 757000      3.12e-03      3.12e-03    2.1e-04
 758000      2.51e-03      2.51e-03    2.1e-04
 759000      1.68e-03      1.68e-03    2.1e-04
 760000      1.51e-03      1.51e-03    2.0e-04
 761000      1.45e-03      1.45e-03    2.0e-04
 762000      1.65e-03      1.65e-03    2.0e-04
 763000      1.42e-03      1.42e-03    2.0e-04
 764000      1.50e-03      1.50e-03    2.0e-04
 765000      2.13e-03      2.13e-03    2.0e-04
 766000      1.50e-03      1.50e-03    2.0e-04
 767000      1.47e-03      1.47e-03    2.0e-04
 768000      1.86e-03      1.86e-03    2.0e-04
 769000      1.56e-03      1.56e-03    2.0e-04
 770000      1.57e-03      1.57e-03    1.9e-04
 771000      1.93e-03      1.93e-03    1.9e-04
 772000      1.79e-03      1.79e-03    1.9e-04
 773000      1.41e-03      1.41e-03    1.9e-04
 774000      1.82e-03      1.82e-03    1.9e-04
 775000      1.80e-03      1.80e-03    1.9e-04
 776000      1.48e-03      1.48e-03    1.9e-04
 777000      1.66e-03      1.66e-03    1.9e-04
 778000      1.66e-03      1.66e-03    1.9e-04
 779000      2.29e-03      2.29e-03    1.9e-04
 780000      1.99e-03      1.99e-03    1.8e-04
 781000      1.66e-03      1.66e-03    1.8e-04
 782000      1.54e-03      1.54e-03    1.8e-04
 783000      1.76e-03      1.76e-03    1.8e-04
 784000      1.49e-03      1.49e-03    1.8e-04
 785000      1.51e-03      1.51e-03    1.8e-04
 786000      1.97e-03      1.97e-03    1.8e-04
 787000      1.83e-03      1.83e-03    1.8e-04
 788000      1.72e-03      1.72e-03    1.8e-04
 789000      2.34e-03      2.34e-03    1.8e-04
 790000      2.11e-03      2.11e-03    1.7e-04
 791000      1.56e-03      1.56e-03    1.7e-04
 792000      1.38e-03      1.38e-03    1.7e-04
 793000      2.08e-03      2.08e-03    1.7e-04
 794000      1.56e-03      1.56e-03    1.7e-04
 795000      1.37e-03      1.37e-03    1.7e-04
 796000      2.16e-03      2.16e-03    1.7e-04
 797000      2.12e-03      2.12e-03    1.7e-04
 798000      1.57e-03      1.57e-03    1.7e-04
 799000      2.51e-03      2.51e-03    1.7e-04
 800000      1.26e-03      1.26e-03    1.7e-04
 801000      1.68e-03      1.68e-03    1.7e-04
 802000      1.40e-03      1.40e-03    1.7e-04
 803000      1.45e-03      1.45e-03    1.7e-04
 804000      1.68e-03      1.68e-03    1.7e-04
 805000      1.51e-03      1.51e-03    1.6e-04
 806000      1.71e-03      1.71e-03    1.6e-04
 807000      1.75e-03      1.75e-03    1.6e-04
 808000      1.38e-03      1.38e-03    1.6e-04
 809000      1.44e-03      1.44e-03    1.6e-04
 810000      1.45e-03      1.45e-03    1.6e-04
 811000      1.39e-03      1.39e-03    1.6e-04
 812000      1.67e-03      1.67e-03    1.6e-04
 813000      1.77e-03      1.77e-03    1.6e-04
 814000      1.52e-03      1.52e-03    1.6e-04
 815000      1.90e-03      1.90e-03    1.5e-04
 816000      1.95e-03      1.95e-03    1.5e-04
 817000      1.42e-03      1.42e-03    1.5e-04
 818000      1.60e-03      1.60e-03    1.5e-04
 819000      1.60e-03      1.60e-03    1.5e-04
 820000      1.43e-03      1.43e-03    1.5e-04
 821000      1.47e-03      1.47e-03    1.5e-04
 822000      1.79e-03      1.79e-03    1.5e-04
 823000      1.82e-03      1.82e-03    1.5e-04
 824000      1.43e-03      1.43e-03    1.5e-04
 825000      2.23e-03      2.23e-03    1.5e-04
 826000      1.32e-03      1.32e-03    1.5e-04
 827000      1.66e-03      1.66e-03    1.5e-04
 828000      1.53e-03      1.53e-03    1.5e-04
 829000      1.32e-03      1.32e-03    1.5e-04
 830000      1.44e-03      1.44e-03    1.4e-04
 831000      1.46e-03      1.46e-03    1.4e-04
 832000      1.55e-03      1.55e-03    1.4e-04
 833000      1.57e-03      1.57e-03    1.4e-04
 834000      1.34e-03      1.34e-03    1.4e-04
 835000      1.56e-03      1.56e-03    1.4e-04
 836000      1.39e-03      1.39e-03    1.4e-04
 837000      1.74e-03      1.74e-03    1.4e-04
 838000      1.80e-03      1.80e-03    1.4e-04
 839000      1.32e-03      1.32e-03    1.4e-04
 840000      1.33e-03      1.33e-03    1.3e-04
 841000      1.65e-03      1.65e-03    1.3e-04
 842000      1.42e-03      1.42e-03    1.3e-04
 843000      1.33e-03      1.33e-03    1.3e-04
 844000      1.82e-03      1.82e-03    1.3e-04
 845000      2.06e-03      2.06e-03    1.3e-04
 846000      1.83e-03      1.83e-03    1.3e-04
 847000      1.49e-03      1.49e-03    1.3e-04
 848000      2.03e-03      2.03e-03    1.3e-04
 849000      1.50e-03      1.50e-03    1.3e-04
 850000      1.54e-03      1.54e-03    1.3e-04
 851000      1.69e-03      1.69e-03    1.3e-04
 852000      1.67e-03      1.67e-03    1.3e-04
 853000      1.38e-03      1.38e-03    1.3e-04
 854000      1.35e-03      1.35e-03    1.3e-04
 855000      1.42e-03      1.42e-03    1.2e-04
 856000      1.86e-03      1.86e-03    1.2e-04
 857000      2.31e-03      2.31e-03    1.2e-04
 858000      1.41e-03      1.41e-03    1.2e-04
 859000      1.27e-03      1.27e-03    1.2e-04
 860000      1.50e-03      1.50e-03    1.2e-04
 861000      2.01e-03      2.01e-03    1.2e-04
 862000      1.49e-03      1.49e-03    1.2e-04
 863000      1.45e-03      1.45e-03    1.2e-04
 864000      1.34e-03      1.34e-03    1.2e-04
 865000      1.34e-03      1.34e-03    1.2e-04
 866000      1.97e-03      1.97e-03    1.2e-04
 867000      2.35e-03      2.35e-03    1.2e-04
 868000      1.52e-03      1.52e-03    1.2e-04
 869000      2.12e-03      2.12e-03    1.2e-04
 870000      1.40e-03      1.40e-03    1.2e-04
 871000      1.50e-03      1.50e-03    1.2e-04
 872000      1.56e-03      1.56e-03    1.2e-04
 873000      1.59e-03      1.59e-03    1.2e-04
 874000      1.36e-03      1.36e-03    1.2e-04
 875000      1.31e-03      1.31e-03    1.1e-04
 876000      1.43e-03      1.43e-03    1.1e-04
 877000      1.28e-03      1.28e-03    1.1e-04
 878000      1.72e-03      1.72e-03    1.1e-04
 879000      2.30e-03      2.30e-03    1.1e-04
 880000      2.09e-03      2.09e-03    1.1e-04
 881000      1.38e-03      1.38e-03    1.1e-04
 882000      2.06e-03      2.06e-03    1.1e-04
 883000      1.42e-03      1.42e-03    1.1e-04
 884000      1.96e-03      1.96e-03    1.1e-04
 885000      1.36e-03      1.36e-03    1.1e-04
 886000      1.66e-03      1.66e-03    1.1e-04
 887000      1.71e-03      1.71e-03    1.1e-04
 888000      2.06e-03      2.06e-03    1.1e-04
 889000      2.22e-03      2.22e-03    1.1e-04
 890000      1.90e-03      1.90e-03    1.0e-04
 891000      1.99e-03      1.99e-03    1.0e-04
 892000      1.48e-03      1.48e-03    1.0e-04
 893000      1.94e-03      1.94e-03    1.0e-04
 894000      1.85e-03      1.85e-03    1.0e-04
 895000      1.57e-03      1.57e-03    1.0e-04
 896000      1.65e-03      1.65e-03    1.0e-04
 897000      1.70e-03      1.70e-03    1.0e-04
 898000      2.25e-03      2.25e-03    1.0e-04
 899000      2.25e-03      2.25e-03    1.0e-04
 900000      1.50e-03      1.50e-03    9.9e-05
 901000      1.37e-03      1.37e-03    9.9e-05
 902000      1.71e-03      1.71e-03    9.9e-05
 903000      1.36e-03      1.36e-03    9.9e-05
 904000      1.58e-03      1.58e-03    9.9e-05
 905000      1.35e-03      1.35e-03    9.6e-05
 906000      1.60e-03      1.60e-03    9.6e-05
 907000      1.61e-03      1.61e-03    9.6e-05
 908000      1.61e-03      1.61e-03    9.6e-05
 909000      2.18e-03      2.18e-03    9.6e-05
 910000      2.19e-03      2.19e-03    9.4e-05
 911000      1.28e-03      1.28e-03    9.4e-05
 912000      1.33e-03      1.33e-03    9.4e-05
 913000      1.63e-03      1.63e-03    9.4e-05
 914000      1.94e-03      1.94e-03    9.4e-05
 915000      1.70e-03      1.70e-03    9.1e-05
 916000      1.81e-03      1.81e-03    9.1e-05
 917000      1.55e-03      1.55e-03    9.1e-05
 918000      1.48e-03      1.48e-03    9.1e-05
 919000      1.46e-03      1.46e-03    9.1e-05
 920000      1.32e-03      1.32e-03    8.9e-05
 921000      1.27e-03      1.27e-03    8.9e-05
 922000      1.86e-03      1.86e-03    8.9e-05
 923000      1.26e-03      1.26e-03    8.9e-05
 924000      1.67e-03      1.67e-03    8.9e-05
 925000      1.52e-03      1.52e-03    8.7e-05
 926000      1.42e-03      1.42e-03    8.7e-05
 927000      1.66e-03      1.66e-03    8.7e-05
 928000      1.89e-03      1.89e-03    8.7e-05
 929000      2.20e-03      2.20e-03    8.7e-05
 930000      2.12e-03      2.12e-03    8.5e-05
 931000      1.43e-03      1.43e-03    8.5e-05
 932000      1.68e-03      1.68e-03    8.5e-05
 933000      1.93e-03      1.93e-03    8.5e-05
 934000      1.58e-03      1.58e-03    8.5e-05
 935000      1.44e-03      1.44e-03    8.3e-05
 936000      1.40e-03      1.40e-03    8.3e-05
 937000      1.42e-03      1.42e-03    8.3e-05
 938000      1.42e-03      1.42e-03    8.3e-05
 939000      1.41e-03      1.41e-03    8.3e-05
 940000      1.53e-03      1.53e-03    8.0e-05
 941000      1.34e-03      1.34e-03    8.0e-05
 942000      1.87e-03      1.87e-03    8.0e-05
 943000      1.95e-03      1.95e-03    8.0e-05
 944000      1.39e-03      1.39e-03    8.0e-05
 945000      1.37e-03      1.37e-03    7.8e-05
 946000      1.29e-03      1.29e-03    7.8e-05
 947000      1.48e-03      1.48e-03    7.8e-05
 948000      1.47e-03      1.47e-03    7.8e-05
 949000      1.73e-03      1.73e-03    7.8e-05
 950000      1.56e-03      1.56e-03    7.6e-05
 951000      1.67e-03      1.67e-03    7.6e-05
 952000      1.69e-03      1.69e-03    7.6e-05
 953000      1.49e-03      1.49e-03    7.6e-05
 954000      1.55e-03      1.55e-03    7.6e-05
 955000      1.69e-03      1.69e-03    7.5e-05
 956000      2.28e-03      2.28e-03    7.5e-05
 957000      2.68e-03      2.68e-03    7.5e-05
 958000      1.49e-03      1.49e-03    7.5e-05
 959000      1.47e-03      1.47e-03    7.5e-05
 960000      1.41e-03      1.41e-03    7.3e-05
 961000      1.27e-03      1.27e-03    7.3e-05
 962000      1.44e-03      1.44e-03    7.3e-05
 963000      1.47e-03      1.47e-03    7.3e-05
 964000      1.84e-03      1.84e-03    7.3e-05
 965000      2.01e-03      2.01e-03    7.1e-05
 966000      1.44e-03      1.44e-03    7.1e-05
 967000      1.46e-03      1.46e-03    7.1e-05
 968000      1.37e-03      1.37e-03    7.1e-05
 969000      1.47e-03      1.47e-03    7.1e-05
 970000      1.73e-03      1.73e-03    6.9e-05
 971000      1.74e-03      1.74e-03    6.9e-05
 972000      1.72e-03      1.72e-03    6.9e-05
 973000      1.29e-03      1.29e-03    6.9e-05
 974000      2.09e-03      2.09e-03    6.9e-05
 975000      1.55e-03      1.55e-03    6.7e-05
 976000      2.11e-03      2.11e-03    6.7e-05
 977000      1.35e-03      1.35e-03    6.7e-05
 978000      1.80e-03      1.80e-03    6.7e-05
 979000      1.91e-03      1.91e-03    6.7e-05
 980000      1.65e-03      1.65e-03    6.6e-05
 981000      1.46e-03      1.46e-03    6.6e-05
 982000      1.45e-03      1.45e-03    6.6e-05
 983000      1.54e-03      1.54e-03    6.6e-05
 984000      1.55e-03      1.55e-03    6.6e-05
 985000      1.87e-03      1.87e-03    6.4e-05
 986000      1.97e-03      1.97e-03    6.4e-05
 987000      1.44e-03      1.44e-03    6.4e-05
 988000      1.76e-03      1.76e-03    6.4e-05
 989000      2.20e-03      2.20e-03    6.4e-05
 990000      1.45e-03      1.45e-03    6.2e-05
 991000      1.55e-03      1.55e-03    6.2e-05
 992000      1.59e-03      1.59e-03    6.2e-05
 993000      1.44e-03      1.44e-03    6.2e-05
 994000      1.32e-03      1.32e-03    6.2e-05
 995000      1.68e-03      1.68e-03    6.1e-05
 996000      1.55e-03      1.55e-03    6.1e-05
 997000      2.26e-03      2.26e-03    6.1e-05
 998000      1.34e-03      1.34e-03    6.1e-05
 999000      1.93e-03      1.93e-03    6.1e-05
1000000      1.47e-03      1.47e-03    5.9e-05
1001000      1.50e-03      1.50e-03    5.9e-05
1002000      1.67e-03      1.67e-03    5.9e-05
1003000      1.60e-03      1.60e-03    5.9e-05
1004000      1.24e-03      1.24e-03    5.9e-05
1005000      1.53e-03      1.53e-03    5.8e-05
1006000      1.37e-03      1.37e-03    5.8e-05
1007000      1.73e-03      1.73e-03    5.8e-05
1008000      1.59e-03      1.59e-03    5.8e-05
1009000      1.44e-03      1.44e-03    5.8e-05
1010000      1.64e-03      1.64e-03    5.6e-05
1011000      1.79e-03      1.79e-03    5.6e-05
1012000      1.56e-03      1.56e-03    5.6e-05
1013000      1.50e-03      1.50e-03    5.6e-05
1014000      1.23e-03      1.23e-03    5.6e-05
1015000      1.62e-03      1.62e-03    5.5e-05
1016000      1.58e-03      1.58e-03    5.5e-05
1017000      1.67e-03      1.67e-03    5.5e-05
1018000      1.39e-03      1.39e-03    5.5e-05
1019000      2.05e-03      2.05e-03    5.5e-05
1020000      1.48e-03      1.48e-03    5.3e-05
1021000      1.46e-03      1.46e-03    5.3e-05
1022000      1.46e-03      1.46e-03    5.3e-05
1023000      2.03e-03      2.03e-03    5.3e-05
1024000      1.39e-03      1.39e-03    5.3e-05
1025000      1.51e-03      1.51e-03    5.2e-05
1026000      1.52e-03      1.52e-03    5.2e-05
1027000      1.62e-03      1.62e-03    5.2e-05
1028000      1.70e-03      1.70e-03    5.2e-05
1029000      1.95e-03      1.95e-03    5.2e-05
1030000      1.43e-03      1.43e-03    5.1e-05
1031000      2.00e-03      2.00e-03    5.1e-05
1032000      1.56e-03      1.56e-03    5.1e-05
1033000      1.21e-03      1.21e-03    5.1e-05
1034000      1.30e-03      1.30e-03    5.1e-05
1035000      1.92e-03      1.92e-03    4.9e-05
1036000      2.15e-03      2.15e-03    4.9e-05
1037000      1.97e-03      1.97e-03    4.9e-05
1038000      1.89e-03      1.89e-03    4.9e-05
1039000      1.59e-03      1.59e-03    4.9e-05
1040000      2.00e-03      2.00e-03    4.8e-05
1041000      1.47e-03      1.47e-03    4.8e-05
1042000      1.64e-03      1.64e-03    4.8e-05
1043000      1.48e-03      1.48e-03    4.8e-05
1044000      1.37e-03      1.37e-03    4.8e-05
1045000      1.71e-03      1.71e-03    4.7e-05
1046000      1.68e-03      1.68e-03    4.7e-05
1047000      1.49e-03      1.49e-03    4.7e-05
1048000      1.48e-03      1.48e-03    4.7e-05
1049000      1.58e-03      1.58e-03    4.7e-05
1050000      1.79e-03      1.79e-03    4.6e-05
1051000      1.54e-03      1.54e-03    4.6e-05
1052000      1.75e-03      1.75e-03    4.6e-05
1053000      1.54e-03      1.54e-03    4.6e-05
1054000      1.58e-03      1.58e-03    4.6e-05
1055000      1.60e-03      1.60e-03    4.5e-05
1056000      1.29e-03      1.29e-03    4.5e-05
1057000      1.39e-03      1.39e-03    4.5e-05
1058000      1.86e-03      1.86e-03    4.5e-05
1059000      1.90e-03      1.90e-03    4.5e-05
1060000      1.84e-03      1.84e-03    4.3e-05
1061000      2.02e-03      2.02e-03    4.3e-05
1062000      1.59e-03      1.59e-03    4.3e-05
1063000      1.53e-03      1.53e-03    4.3e-05
1064000      1.53e-03      1.53e-03    4.3e-05
1065000      1.77e-03      1.77e-03    4.2e-05
1066000      2.06e-03      2.06e-03    4.2e-05
1067000      1.46e-03      1.46e-03    4.2e-05
1068000      1.54e-03      1.54e-03    4.2e-05
1069000      1.57e-03      1.57e-03    4.2e-05
1070000      2.29e-03      2.29e-03    4.1e-05
1071000      1.70e-03      1.70e-03    4.1e-05
1072000      1.88e-03      1.88e-03    4.1e-05
1073000      2.06e-03      2.06e-03    4.1e-05
1074000      1.47e-03      1.47e-03    4.1e-05
1075000      1.51e-03      1.51e-03    4.0e-05
1076000      1.53e-03      1.53e-03    4.0e-05
1077000      1.77e-03      1.77e-03    4.0e-05
1078000      1.34e-03      1.34e-03    4.0e-05
1079000      1.81e-03      1.81e-03    4.0e-05
1080000      1.54e-03      1.54e-03    3.9e-05
1081000      2.40e-03      2.40e-03    3.9e-05
1082000      1.44e-03      1.44e-03    3.9e-05
1083000      1.45e-03      1.45e-03    3.9e-05
1084000      1.36e-03      1.36e-03    3.9e-05
1085000      1.60e-03      1.60e-03    3.8e-05
1086000      1.57e-03      1.57e-03    3.8e-05
1087000      1.57e-03      1.57e-03    3.8e-05
1088000      1.61e-03      1.61e-03    3.8e-05
1089000      1.31e-03      1.31e-03    3.8e-05
1090000      1.30e-03      1.30e-03    3.7e-05
1091000      1.82e-03      1.82e-03    3.7e-05
1092000      1.59e-03      1.59e-03    3.7e-05
1093000      1.54e-03      1.54e-03    3.7e-05
1094000      1.66e-03      1.66e-03    3.7e-05
1095000      1.62e-03      1.62e-03    3.6e-05
1096000      1.69e-03      1.69e-03    3.6e-05
1097000      1.41e-03      1.41e-03    3.6e-05
1098000      1.33e-03      1.33e-03    3.6e-05
1099000      1.50e-03      1.50e-03    3.6e-05
1100000      1.49e-03      1.49e-03    3.5e-05
1101000      1.36e-03      1.36e-03    3.5e-05
1102000      1.81e-03      1.81e-03    3.5e-05
1103000      1.47e-03      1.47e-03    3.5e-05
1104000      2.10e-03      2.10e-03    3.5e-05
1105000      1.42e-03      1.42e-03    3.5e-05
1106000      1.61e-03      1.61e-03    3.5e-05
1107000      1.60e-03      1.60e-03    3.5e-05
1108000      1.68e-03      1.68e-03    3.5e-05
1109000      1.82e-03      1.82e-03    3.5e-05
1110000      1.68e-03      1.68e-03    3.4e-05
1111000      1.42e-03      1.42e-03    3.4e-05
1112000      1.59e-03      1.59e-03    3.4e-05
1113000      1.45e-03      1.45e-03    3.4e-05
1114000      1.33e-03      1.33e-03    3.4e-05
1115000      1.38e-03      1.38e-03    3.3e-05
1116000      1.41e-03      1.41e-03    3.3e-05
1117000      1.98e-03      1.98e-03    3.3e-05
1118000      1.68e-03      1.68e-03    3.3e-05
1119000      2.08e-03      2.08e-03    3.3e-05
1120000      1.61e-03      1.61e-03    3.2e-05
1121000      1.63e-03      1.63e-03    3.2e-05
1122000      1.61e-03      1.61e-03    3.2e-05
1123000      1.69e-03      1.69e-03    3.2e-05
1124000      1.97e-03      1.97e-03    3.2e-05
1125000      1.43e-03      1.43e-03    3.1e-05
1126000      1.81e-03      1.81e-03    3.1e-05
1127000      1.86e-03      1.86e-03    3.1e-05
1128000      1.03e-03      1.03e-03    3.1e-05
1129000      2.05e-03      2.05e-03    3.1e-05
1130000      1.49e-03      1.49e-03    3.0e-05
1131000      1.48e-03      1.48e-03    3.0e-05
1132000      1.35e-03      1.35e-03    3.0e-05
1133000      1.57e-03      1.57e-03    3.0e-05
1134000      1.47e-03      1.47e-03    3.0e-05
1135000      1.36e-03      1.36e-03    3.0e-05
1136000      1.58e-03      1.58e-03    3.0e-05
1137000      2.03e-03      2.03e-03    3.0e-05
1138000      1.44e-03      1.44e-03    3.0e-05
1139000      1.53e-03      1.53e-03    3.0e-05
1140000      1.63e-03      1.63e-03    2.9e-05
1141000      1.65e-03      1.65e-03    2.9e-05
1142000      1.95e-03      1.95e-03    2.9e-05
1143000      1.61e-03      1.61e-03    2.9e-05
1144000      1.47e-03      1.47e-03    2.9e-05
1145000      1.47e-03      1.47e-03    2.8e-05
1146000      1.37e-03      1.37e-03    2.8e-05
1147000      1.56e-03      1.56e-03    2.8e-05
1148000      1.38e-03      1.38e-03    2.8e-05
1149000      1.90e-03      1.90e-03    2.8e-05
1150000      2.08e-03      2.08e-03    2.7e-05
1151000      1.32e-03      1.32e-03    2.7e-05
1152000      1.37e-03      1.37e-03    2.7e-05
1153000      1.51e-03      1.51e-03    2.7e-05
1154000      1.85e-03      1.85e-03    2.7e-05
1155000      1.42e-03      1.42e-03    2.7e-05
1156000      2.16e-03      2.16e-03    2.7e-05
1157000      1.38e-03      1.38e-03    2.7e-05
1158000      2.19e-03      2.19e-03    2.7e-05
1159000      1.69e-03      1.69e-03    2.7e-05
1160000      1.55e-03      1.55e-03    2.6e-05
1161000      1.49e-03      1.49e-03    2.6e-05
1162000      1.35e-03      1.35e-03    2.6e-05
1163000      2.10e-03      2.10e-03    2.6e-05
1164000      1.54e-03      1.54e-03    2.6e-05
1165000      1.82e-03      1.82e-03    2.5e-05
1166000      1.58e-03      1.58e-03    2.5e-05
1167000      2.10e-03      2.10e-03    2.5e-05
1168000      1.78e-03      1.78e-03    2.5e-05
1169000      1.54e-03      1.54e-03    2.5e-05
1170000      1.86e-03      1.86e-03    2.5e-05
1171000      1.50e-03      1.50e-03    2.5e-05
1172000      1.45e-03      1.45e-03    2.5e-05
1173000      1.82e-03      1.82e-03    2.5e-05
1174000      1.41e-03      1.41e-03    2.5e-05
1175000      1.83e-03      1.83e-03    2.4e-05
1176000      1.67e-03      1.67e-03    2.4e-05
1177000      1.61e-03      1.61e-03    2.4e-05
1178000      1.43e-03      1.43e-03    2.4e-05
1179000      1.36e-03      1.36e-03    2.4e-05
1180000      1.70e-03      1.70e-03    2.3e-05
1181000      1.51e-03      1.51e-03    2.3e-05
1182000      1.44e-03      1.44e-03    2.3e-05
1183000      2.02e-03      2.02e-03    2.3e-05
1184000      1.95e-03      1.95e-03    2.3e-05
1185000      1.44e-03      1.44e-03    2.3e-05
1186000      1.44e-03      1.44e-03    2.3e-05
1187000      2.15e-03      2.15e-03    2.3e-05
1188000      1.87e-03      1.87e-03    2.3e-05
1189000      1.90e-03      1.90e-03    2.3e-05
1190000      1.56e-03      1.56e-03    2.2e-05
1191000      1.59e-03      1.59e-03    2.2e-05
1192000      1.89e-03      1.89e-03    2.2e-05
1193000      1.30e-03      1.30e-03    2.2e-05
1194000      1.40e-03      1.40e-03    2.2e-05
1195000      1.85e-03      1.85e-03    2.2e-05
1196000      1.54e-03      1.54e-03    2.2e-05
1197000      1.34e-03      1.34e-03    2.2e-05
1198000      1.58e-03      1.58e-03    2.2e-05
1199000      1.50e-03      1.50e-03    2.2e-05
1200000      1.79e-03      1.79e-03    2.1e-05
1201000      1.38e-03      1.38e-03    2.1e-05
1202000      1.58e-03      1.58e-03    2.1e-05
1203000      1.68e-03      1.68e-03    2.1e-05
1204000      1.44e-03      1.44e-03    2.1e-05
1205000      1.49e-03      1.49e-03    2.1e-05
1206000      1.50e-03      1.50e-03    2.1e-05
1207000      1.41e-03      1.41e-03    2.1e-05
1208000      1.72e-03      1.72e-03    2.1e-05
1209000      2.33e-03      2.33e-03    2.1e-05
1210000      1.39e-03      1.39e-03    2.0e-05
1211000      1.35e-03      1.35e-03    2.0e-05
1212000      1.52e-03      1.52e-03    2.0e-05
1213000      1.58e-03      1.58e-03    2.0e-05
1214000      1.71e-03      1.71e-03    2.0e-05
1215000      1.45e-03      1.45e-03    2.0e-05
1216000      1.64e-03      1.64e-03    2.0e-05
1217000      1.57e-03      1.57e-03    2.0e-05
1218000      1.52e-03      1.52e-03    2.0e-05
1219000      1.54e-03      1.54e-03    2.0e-05
1220000      1.92e-03      1.92e-03    1.9e-05
1221000      1.38e-03      1.38e-03    1.9e-05
1222000      1.84e-03      1.84e-03    1.9e-05
1223000      1.65e-03      1.65e-03    1.9e-05
1224000      1.76e-03      1.76e-03    1.9e-05
1225000      1.87e-03      1.87e-03    1.9e-05
1226000      1.43e-03      1.43e-03    1.9e-05
1227000      2.89e-03      2.89e-03    1.9e-05
1228000      1.47e-03      1.47e-03    1.9e-05
1229000      2.13e-03      2.13e-03    1.9e-05
1230000      1.86e-03      1.86e-03    1.8e-05
1231000      1.65e-03      1.65e-03    1.8e-05
1232000      1.41e-03      1.41e-03    1.8e-05
1233000      1.73e-03      1.73e-03    1.8e-05
1234000      1.75e-03      1.75e-03    1.8e-05
1235000      1.96e-03      1.96e-03    1.8e-05
1236000      1.54e-03      1.54e-03    1.8e-05
1237000      1.33e-03      1.33e-03    1.8e-05
1238000      2.06e-03      2.06e-03    1.8e-05
1239000      1.57e-03      1.57e-03    1.8e-05
1240000      1.36e-03      1.36e-03    1.7e-05
1241000      1.31e-03      1.31e-03    1.7e-05
1242000      1.74e-03      1.74e-03    1.7e-05
1243000      1.47e-03      1.47e-03    1.7e-05
1244000      1.45e-03      1.45e-03    1.7e-05
1245000      2.06e-03      2.06e-03    1.7e-05
1246000      1.56e-03      1.56e-03    1.7e-05
1247000      1.47e-03      1.47e-03    1.7e-05
1248000      1.57e-03      1.57e-03    1.7e-05
1249000      1.29e-03      1.29e-03    1.7e-05
1250000      1.37e-03      1.37e-03    1.6e-05
1251000      1.61e-03      1.61e-03    1.6e-05
1252000      1.69e-03      1.69e-03    1.6e-05
1253000      1.92e-03      1.92e-03    1.6e-05
1254000      1.37e-03      1.37e-03    1.6e-05
1255000      1.35e-03      1.35e-03    1.6e-05
1256000      1.50e-03      1.50e-03    1.6e-05
1257000      2.94e-03      2.94e-03    1.6e-05
1258000      1.88e-03      1.88e-03    1.6e-05
1259000      2.15e-03      2.15e-03    1.6e-05
1260000      1.59e-03      1.59e-03    1.6e-05
1261000      1.65e-03      1.65e-03    1.6e-05
1262000      1.33e-03      1.33e-03    1.6e-05
1263000      1.80e-03      1.80e-03    1.6e-05
1264000      1.75e-03      1.75e-03    1.6e-05
1265000      1.67e-03      1.67e-03    1.5e-05
1266000      1.90e-03      1.90e-03    1.5e-05
1267000      2.28e-03      2.28e-03    1.5e-05
1268000      1.44e-03      1.44e-03    1.5e-05
1269000      1.56e-03      1.56e-03    1.5e-05
1270000      1.61e-03      1.61e-03    1.5e-05
1271000      1.76e-03      1.76e-03    1.5e-05
1272000      1.85e-03      1.85e-03    1.5e-05
1273000      1.86e-03      1.86e-03    1.5e-05
1274000      1.25e-03      1.25e-03    1.5e-05
1275000      1.49e-03      1.49e-03    1.4e-05
1276000      1.43e-03      1.43e-03    1.4e-05
1277000      2.07e-03      2.07e-03    1.4e-05
1278000      1.81e-03      1.81e-03    1.4e-05
1279000      1.30e-03      1.30e-03    1.4e-05
1280000      1.56e-03      1.56e-03    1.4e-05
1281000      2.36e-03      2.36e-03    1.4e-05
1282000      1.95e-03      1.95e-03    1.4e-05
1283000      1.43e-03      1.43e-03    1.4e-05
1284000      1.33e-03      1.33e-03    1.4e-05
1285000      2.13e-03      2.13e-03    1.4e-05
1286000      2.05e-03      2.05e-03    1.4e-05
1287000      2.05e-03      2.05e-03    1.4e-05
1288000      1.77e-03      1.77e-03    1.4e-05
1289000      1.29e-03      1.29e-03    1.4e-05
1290000      1.59e-03      1.59e-03    1.3e-05
1291000      1.85e-03      1.85e-03    1.3e-05
1292000      1.29e-03      1.29e-03    1.3e-05
1293000      1.82e-03      1.82e-03    1.3e-05
1294000      2.37e-03      2.37e-03    1.3e-05
1295000      1.73e-03      1.73e-03    1.3e-05
1296000      1.49e-03      1.49e-03    1.3e-05
1297000      1.37e-03      1.37e-03    1.3e-05
1298000      1.40e-03      1.40e-03    1.3e-05
1299000      2.03e-03      2.03e-03    1.3e-05
1300000      2.50e-03      2.50e-03    1.3e-05
1301000      1.47e-03      1.47e-03    1.3e-05
1302000      1.51e-03      1.51e-03    1.3e-05
1303000      1.57e-03      1.57e-03    1.3e-05
1304000      1.69e-03      1.69e-03    1.3e-05
1305000      1.52e-03      1.52e-03    1.2e-05
1306000      2.06e-03      2.06e-03    1.2e-05
1307000      1.73e-03      1.73e-03    1.2e-05
1308000      1.49e-03      1.49e-03    1.2e-05
1309000      1.29e-03      1.29e-03    1.2e-05
1310000      2.16e-03      2.16e-03    1.2e-05
1311000      2.25e-03      2.25e-03    1.2e-05
1312000      1.72e-03      1.72e-03    1.2e-05
1313000      1.38e-03      1.38e-03    1.2e-05
1314000      1.28e-03      1.28e-03    1.2e-05
1315000      1.85e-03      1.85e-03    1.2e-05
1316000      1.47e-03      1.47e-03    1.2e-05
1317000      1.45e-03      1.45e-03    1.2e-05
1318000      2.24e-03      2.24e-03    1.2e-05
1319000      1.65e-03      1.65e-03    1.2e-05
1320000      2.15e-03      2.15e-03    1.1e-05
1321000      2.26e-03      2.26e-03    1.1e-05
1322000      2.17e-03      2.17e-03    1.1e-05
1323000      1.67e-03      1.67e-03    1.1e-05
1324000      2.22e-03      2.22e-03    1.1e-05
1325000      1.68e-03      1.68e-03    1.1e-05
1326000      1.87e-03      1.87e-03    1.1e-05
1327000      1.63e-03      1.63e-03    1.1e-05
1328000      1.91e-03      1.91e-03    1.1e-05
1329000      1.56e-03      1.56e-03    1.1e-05
1330000      1.61e-03      1.61e-03    1.1e-05
1331000      1.26e-03      1.26e-03    1.1e-05
1332000      1.55e-03      1.55e-03    1.1e-05
1333000      1.52e-03      1.52e-03    1.1e-05
1334000      2.14e-03      2.14e-03    1.1e-05
1335000      1.47e-03      1.47e-03    1.1e-05
1336000      2.03e-03      2.03e-03    1.1e-05
1337000      1.44e-03      1.44e-03    1.1e-05
1338000      1.94e-03      1.94e-03    1.1e-05
1339000      1.98e-03      1.98e-03    1.1e-05
1340000      1.52e-03      1.52e-03    1.0e-05
1341000      1.44e-03      1.44e-03    1.0e-05
1342000      1.30e-03      1.30e-03    1.0e-05
1343000      1.50e-03      1.50e-03    1.0e-05
1344000      1.38e-03      1.38e-03    1.0e-05
1345000      1.36e-03      1.36e-03    1.0e-05
1346000      1.46e-03      1.46e-03    1.0e-05
1347000      1.56e-03      1.56e-03    1.0e-05
1348000      1.39e-03      1.39e-03    1.0e-05
1349000      1.43e-03      1.43e-03    1.0e-05
1350000      1.35e-03      1.35e-03    9.8e-06
1351000      1.67e-03      1.67e-03    9.8e-06
1352000      1.67e-03      1.67e-03    9.8e-06
1353000      1.76e-03      1.76e-03    9.8e-06
1354000      1.44e-03      1.44e-03    9.8e-06
1355000      1.97e-03      1.97e-03    9.6e-06
1356000      1.54e-03      1.54e-03    9.6e-06
1357000      1.82e-03      1.82e-03    9.6e-06
1358000      1.27e-03      1.27e-03    9.6e-06
1359000      2.40e-03      2.40e-03    9.6e-06
1360000      1.69e-03      1.69e-03    9.3e-06
1361000      1.32e-03      1.32e-03    9.3e-06
1362000      1.62e-03      1.62e-03    9.3e-06
1363000      1.39e-03      1.39e-03    9.3e-06
1364000      1.41e-03      1.41e-03    9.3e-06
1365000      1.27e-03      1.27e-03    9.1e-06
1366000      2.17e-03      2.17e-03    9.1e-06
1367000      1.46e-03      1.46e-03    9.1e-06
1368000      1.90e-03      1.90e-03    9.1e-06
1369000      1.22e-03      1.22e-03    9.1e-06
1370000      1.51e-03      1.51e-03    8.9e-06
1371000      1.38e-03      1.38e-03    8.9e-06
1372000      1.68e-03      1.68e-03    8.9e-06
1373000      1.54e-03      1.54e-03    8.9e-06
1374000      1.60e-03      1.60e-03    8.9e-06
1375000      1.42e-03      1.42e-03    8.6e-06
1376000      1.73e-03      1.73e-03    8.6e-06
1377000      1.75e-03      1.75e-03    8.6e-06
1378000      2.05e-03      2.05e-03    8.6e-06
1379000      1.44e-03      1.44e-03    8.6e-06
1380000      2.11e-03      2.11e-03    8.4e-06
1381000      1.43e-03      1.43e-03    8.4e-06
1382000      1.36e-03      1.36e-03    8.4e-06
1383000      1.74e-03      1.74e-03    8.4e-06
1384000      1.46e-03      1.46e-03    8.4e-06
1385000      1.62e-03      1.62e-03    8.2e-06
1386000      1.29e-03      1.29e-03    8.2e-06
1387000      1.82e-03      1.82e-03    8.2e-06
1388000      2.19e-03      2.19e-03    8.2e-06
1389000      1.47e-03      1.47e-03    8.2e-06
1390000      2.25e-03      2.25e-03    8.0e-06
1391000      1.65e-03      1.65e-03    8.0e-06
1392000      1.56e-03      1.56e-03    8.0e-06
1393000      1.46e-03      1.46e-03    8.0e-06
1394000      1.60e-03      1.60e-03    8.0e-06
1395000      2.32e-03      2.32e-03    7.8e-06
1396000      1.46e-03      1.46e-03    7.8e-06
1397000      1.46e-03      1.46e-03    7.8e-06
1398000      2.02e-03      2.02e-03    7.8e-06
1399000      1.99e-03      1.99e-03    7.8e-06
1400000      1.64e-03      1.64e-03    7.6e-06
1401000      1.97e-03      1.97e-03    7.6e-06
1402000      1.56e-03      1.56e-03    7.6e-06
1403000      1.59e-03      1.59e-03    7.6e-06
1404000      1.70e-03      1.70e-03    7.6e-06
1405000      1.46e-03      1.46e-03    7.4e-06
1406000      2.33e-03      2.33e-03    7.4e-06
1407000      1.49e-03      1.49e-03    7.4e-06
1408000      1.45e-03      1.45e-03    7.4e-06
1409000      2.13e-03      2.13e-03    7.4e-06
1410000      1.79e-03      1.79e-03    7.2e-06
1411000      1.46e-03      1.46e-03    7.2e-06
1412000      1.56e-03      1.56e-03    7.2e-06
1413000      1.39e-03      1.39e-03    7.2e-06
1414000      1.53e-03      1.53e-03    7.2e-06
1415000      1.43e-03      1.43e-03    7.0e-06
1416000      1.40e-03      1.40e-03    7.0e-06
1417000      1.38e-03      1.38e-03    7.0e-06
1418000      1.16e-03      1.16e-03    7.0e-06
1419000      1.60e-03      1.60e-03    7.0e-06
1420000      1.95e-03      1.95e-03    6.9e-06
1421000      1.64e-03      1.64e-03    6.9e-06
1422000      1.37e-03      1.37e-03    6.9e-06
1423000      1.40e-03      1.40e-03    6.9e-06
1424000      1.33e-03      1.33e-03    6.9e-06
1425000      2.53e-03      2.53e-03    6.7e-06
1426000      1.38e-03      1.38e-03    6.7e-06
1427000      1.49e-03      1.49e-03    6.7e-06
1428000      1.92e-03      1.92e-03    6.7e-06
1429000      1.24e-03      1.24e-03    6.7e-06
1430000      1.47e-03      1.47e-03    6.5e-06
1431000      1.59e-03      1.59e-03    6.5e-06
1432000      2.03e-03      2.03e-03    6.5e-06
1433000      2.06e-03      2.06e-03    6.5e-06
1434000      1.55e-03      1.55e-03    6.5e-06
1435000      1.83e-03      1.83e-03    6.4e-06
1436000      1.39e-03      1.39e-03    6.4e-06
1437000      1.98e-03      1.98e-03    6.4e-06
1438000      1.75e-03      1.75e-03    6.4e-06
1439000      1.60e-03      1.60e-03    6.4e-06
1440000      2.06e-03      2.06e-03    6.2e-06
1441000      1.46e-03      1.46e-03    6.2e-06
1442000      1.71e-03      1.71e-03    6.2e-06
1443000      1.38e-03      1.38e-03    6.2e-06
1444000      1.34e-03      1.34e-03    6.2e-06
1445000      2.03e-03      2.03e-03    6.0e-06
1446000      1.34e-03      1.34e-03    6.0e-06
1447000      1.62e-03      1.62e-03    6.0e-06
1448000      1.60e-03      1.60e-03    6.0e-06
1449000      1.68e-03      1.68e-03    6.0e-06
1450000      1.59e-03      1.59e-03    5.9e-06
1451000      1.83e-03      1.83e-03    5.9e-06
1452000      1.33e-03      1.33e-03    5.9e-06
1453000      1.51e-03      1.51e-03    5.9e-06
1454000      1.47e-03      1.47e-03    5.9e-06
1455000      1.40e-03      1.40e-03    5.7e-06
1456000      1.74e-03      1.74e-03    5.7e-06
1457000      1.32e-03      1.32e-03    5.7e-06
1458000      1.82e-03      1.82e-03    5.7e-06
1459000      1.47e-03      1.47e-03    5.7e-06
1460000      1.76e-03      1.76e-03    5.6e-06
1461000      1.31e-03      1.31e-03    5.6e-06
1462000      1.79e-03      1.79e-03    5.6e-06
1463000      2.07e-03      2.07e-03    5.6e-06
1464000      1.70e-03      1.70e-03    5.6e-06
1465000      1.44e-03      1.44e-03    5.4e-06
1466000      1.86e-03      1.86e-03    5.4e-06
1467000      1.66e-03      1.66e-03    5.4e-06
1468000      1.58e-03      1.58e-03    5.4e-06
1469000      1.86e-03      1.86e-03    5.4e-06
1470000      1.68e-03      1.68e-03    5.3e-06
1471000      1.38e-03      1.38e-03    5.3e-06
1472000      1.43e-03      1.43e-03    5.3e-06
1473000      2.34e-03      2.34e-03    5.3e-06
1474000      1.52e-03      1.52e-03    5.3e-06
1475000      1.90e-03      1.90e-03    5.2e-06
1476000      1.37e-03      1.37e-03    5.2e-06
1477000      1.51e-03      1.51e-03    5.2e-06
1478000      1.56e-03      1.56e-03    5.2e-06
1479000      1.49e-03      1.49e-03    5.2e-06
1480000      1.70e-03      1.70e-03    5.0e-06
1481000      1.49e-03      1.49e-03    5.0e-06
1482000      1.67e-03      1.67e-03    5.0e-06
1483000      1.95e-03      1.95e-03    5.0e-06
1484000      1.63e-03      1.63e-03    5.0e-06
1485000      1.72e-03      1.72e-03    4.9e-06
1486000      1.43e-03      1.43e-03    4.9e-06
1487000      1.65e-03      1.65e-03    4.9e-06
1488000      1.60e-03      1.60e-03    4.9e-06
1489000      1.95e-03      1.95e-03    4.9e-06
1490000      1.38e-03      1.38e-03    4.8e-06
1491000      1.40e-03      1.40e-03    4.8e-06
1492000      1.96e-03      1.96e-03    4.8e-06
1493000      1.40e-03      1.40e-03    4.8e-06
1494000      1.42e-03      1.42e-03    4.8e-06
1495000      1.55e-03      1.55e-03    4.7e-06
1496000      1.56e-03      1.56e-03    4.7e-06
1497000      1.37e-03      1.37e-03    4.7e-06
1498000      1.51e-03      1.51e-03    4.7e-06
1499000      1.73e-03      1.73e-03    4.7e-06
1500000      1.31e-03      1.31e-03    4.6e-06
1501000      1.38e-03      1.38e-03    4.6e-06
1502000      1.46e-03      1.46e-03    4.6e-06
1503000      1.41e-03      1.41e-03    4.6e-06
1504000      1.72e-03      1.72e-03    4.6e-06
1505000      1.33e-03      1.33e-03    4.4e-06
1506000      1.98e-03      1.98e-03    4.4e-06
1507000      1.29e-03      1.29e-03    4.4e-06
1508000      1.51e-03      1.51e-03    4.4e-06
1509000      1.48e-03      1.48e-03    4.4e-06
1510000      1.38e-03      1.38e-03    4.3e-06
1511000      1.57e-03      1.57e-03    4.3e-06
1512000      1.47e-03      1.47e-03    4.3e-06
1513000      1.21e-03      1.21e-03    4.3e-06
1514000      1.67e-03      1.67e-03    4.3e-06
1515000      1.38e-03      1.38e-03    4.2e-06
1516000      1.46e-03      1.46e-03    4.2e-06
1517000      1.93e-03      1.93e-03    4.2e-06
1518000      1.44e-03      1.44e-03    4.2e-06
1519000      2.00e-03      2.00e-03    4.2e-06
1520000      1.68e-03      1.68e-03    4.1e-06
1521000      1.72e-03      1.72e-03    4.1e-06
1522000      2.05e-03      2.05e-03    4.1e-06
1523000      2.37e-03      2.37e-03    4.1e-06
1524000      2.30e-03      2.30e-03    4.1e-06
1525000      1.33e-03      1.33e-03    4.0e-06
1526000      1.46e-03      1.46e-03    4.0e-06
1527000      1.81e-03      1.81e-03    4.0e-06
1528000      2.32e-03      2.32e-03    4.0e-06
1529000      1.71e-03      1.71e-03    4.0e-06
1530000      1.39e-03      1.39e-03    3.9e-06
1531000      1.64e-03      1.64e-03    3.9e-06
1532000      1.79e-03      1.79e-03    3.9e-06
1533000      1.58e-03      1.58e-03    3.9e-06
1534000      2.28e-03      2.28e-03    3.9e-06
1535000      1.48e-03      1.48e-03    3.8e-06
1536000      1.90e-03      1.90e-03    3.8e-06
1537000      1.61e-03      1.61e-03    3.8e-06
1538000      1.57e-03      1.57e-03    3.8e-06
1539000      1.87e-03      1.87e-03    3.8e-06
1540000      2.19e-03      2.19e-03    3.7e-06
1541000      1.60e-03      1.60e-03    3.7e-06
1542000      1.23e-03      1.23e-03    3.7e-06
1543000      1.44e-03      1.44e-03    3.7e-06
1544000      1.42e-03      1.42e-03    3.7e-06
1545000      1.49e-03      1.49e-03    3.6e-06
1546000      2.66e-03      2.66e-03    3.6e-06
1547000      1.31e-03      1.31e-03    3.6e-06
1548000      1.51e-03      1.51e-03    3.6e-06
1549000      1.58e-03      1.58e-03    3.6e-06
1550000      1.53e-03      1.53e-03    3.5e-06
1551000      1.74e-03      1.74e-03    3.5e-06
1552000      1.41e-03      1.41e-03    3.5e-06
1553000      1.50e-03      1.50e-03    3.5e-06
1554000      1.21e-03      1.21e-03    3.5e-06
1555000      1.29e-03      1.29e-03    3.4e-06
1556000      1.57e-03      1.57e-03    3.4e-06
1557000      1.38e-03      1.38e-03    3.4e-06
1558000      1.73e-03      1.73e-03    3.4e-06
1559000      1.52e-03      1.52e-03    3.4e-06
1560000      1.43e-03      1.43e-03    3.3e-06
1561000      2.18e-03      2.18e-03    3.3e-06
1562000      1.70e-03      1.70e-03    3.3e-06
1563000      1.50e-03      1.50e-03    3.3e-06
1564000      2.03e-03      2.03e-03    3.3e-06
1565000      1.31e-03      1.31e-03    3.3e-06
1566000      1.66e-03      1.66e-03    3.3e-06
1567000      1.58e-03      1.58e-03    3.3e-06
1568000      1.53e-03      1.53e-03    3.3e-06
1569000      1.79e-03      1.79e-03    3.3e-06
1570000      1.69e-03      1.69e-03    3.2e-06
1571000      1.48e-03      1.48e-03    3.2e-06
1572000      1.51e-03      1.51e-03    3.2e-06
1573000      1.32e-03      1.32e-03    3.2e-06
1574000      2.08e-03      2.08e-03    3.2e-06
1575000      1.56e-03      1.56e-03    3.1e-06
1576000      2.10e-03      2.10e-03    3.1e-06
1577000      1.59e-03      1.59e-03    3.1e-06
1578000      1.51e-03      1.51e-03    3.1e-06
1579000      1.50e-03      1.50e-03    3.1e-06
1580000      1.62e-03      1.62e-03    3.0e-06
1581000      1.41e-03      1.41e-03    3.0e-06
1582000      1.41e-03      1.41e-03    3.0e-06
1583000      1.63e-03      1.63e-03    3.0e-06
1584000      1.48e-03      1.48e-03    3.0e-06
1585000      1.38e-03      1.38e-03    2.9e-06
1586000      1.53e-03      1.53e-03    2.9e-06
1587000      2.76e-03      2.76e-03    2.9e-06
1588000      1.84e-03      1.84e-03    2.9e-06
1589000      1.97e-03      1.97e-03    2.9e-06
1590000      1.45e-03      1.45e-03    2.9e-06
1591000      1.55e-03      1.55e-03    2.9e-06
1592000      1.62e-03      1.62e-03    2.9e-06
1593000      1.72e-03      1.72e-03    2.9e-06
1594000      1.68e-03      1.68e-03    2.9e-06
1595000      1.52e-03      1.52e-03    2.8e-06
1596000      1.43e-03      1.43e-03    2.8e-06
1597000      1.77e-03      1.77e-03    2.8e-06
1598000      1.67e-03      1.67e-03    2.8e-06
1599000      2.03e-03      2.03e-03    2.8e-06
1600000      1.65e-03      1.65e-03    2.7e-06
1601000      1.43e-03      1.43e-03    2.7e-06
1602000      1.57e-03      1.57e-03    2.7e-06
1603000      1.65e-03      1.65e-03    2.7e-06
1604000      1.88e-03      1.88e-03    2.7e-06
1605000      1.79e-03      1.79e-03    2.7e-06
1606000      1.52e-03      1.52e-03    2.7e-06
1607000      1.44e-03      1.44e-03    2.7e-06
1608000      1.42e-03      1.42e-03    2.7e-06
1609000      1.33e-03      1.33e-03    2.7e-06
1610000      1.39e-03      1.39e-03    2.6e-06
1611000      1.42e-03      1.42e-03    2.6e-06
1612000      1.84e-03      1.84e-03    2.6e-06
1613000      1.54e-03      1.54e-03    2.6e-06
1614000      1.88e-03      1.88e-03    2.6e-06
1615000      1.30e-03      1.30e-03    2.5e-06
1616000      1.67e-03      1.67e-03    2.5e-06
1617000      1.57e-03      1.57e-03    2.5e-06
1618000      2.03e-03      2.03e-03    2.5e-06
1619000      1.82e-03      1.82e-03    2.5e-06
1620000      1.79e-03      1.79e-03    2.5e-06
1621000      1.61e-03      1.61e-03    2.5e-06
1622000      2.01e-03      2.01e-03    2.5e-06
1623000      1.99e-03      1.99e-03    2.5e-06
1624000      1.69e-03      1.69e-03    2.5e-06
1625000      1.57e-03      1.57e-03    2.4e-06
1626000      2.02e-03      2.02e-03    2.4e-06
1627000      2.14e-03      2.14e-03    2.4e-06
1628000      1.30e-03      1.30e-03    2.4e-06
1629000      1.64e-03      1.64e-03    2.4e-06
1630000      1.47e-03      1.47e-03    2.3e-06
1631000      1.90e-03      1.90e-03    2.3e-06
1632000      1.77e-03      1.77e-03    2.3e-06
1633000      1.52e-03      1.52e-03    2.3e-06
1634000      1.60e-03      1.60e-03    2.3e-06
1635000      1.52e-03      1.52e-03    2.3e-06
1636000      1.57e-03      1.57e-03    2.3e-06
1637000      1.15e-03      1.15e-03    2.3e-06
1638000      1.59e-03      1.59e-03    2.3e-06
1639000      1.44e-03      1.44e-03    2.3e-06
1640000      1.75e-03      1.75e-03    2.2e-06
1641000      1.65e-03      1.65e-03    2.2e-06
1642000      1.38e-03      1.38e-03    2.2e-06
1643000      1.41e-03      1.41e-03    2.2e-06
1644000      1.74e-03      1.74e-03    2.2e-06
1645000      1.95e-03      1.95e-03    2.2e-06
1646000      1.41e-03      1.41e-03    2.2e-06
1647000      1.60e-03      1.60e-03    2.2e-06
1648000      2.22e-03      2.22e-03    2.2e-06
1649000      1.62e-03      1.62e-03    2.2e-06
1650000      1.39e-03      1.39e-03    2.1e-06
1651000      1.86e-03      1.86e-03    2.1e-06
1652000      2.25e-03      2.25e-03    2.1e-06
1653000      2.07e-03      2.07e-03    2.1e-06
1654000      1.52e-03      1.52e-03    2.1e-06
1655000      1.53e-03      1.53e-03    2.1e-06
1656000      1.51e-03      1.51e-03    2.1e-06
1657000      1.82e-03      1.82e-03    2.1e-06
1658000      1.71e-03      1.71e-03    2.1e-06
1659000      1.41e-03      1.41e-03    2.1e-06
1660000      1.51e-03      1.51e-03    2.0e-06
1661000      1.57e-03      1.57e-03    2.0e-06
1662000      1.99e-03      1.99e-03    2.0e-06
1663000      1.85e-03      1.85e-03    2.0e-06
1664000      2.02e-03      2.02e-03    2.0e-06
1665000      2.22e-03      2.22e-03    2.0e-06
1666000      1.74e-03      1.74e-03    2.0e-06
1667000      2.07e-03      2.07e-03    2.0e-06
1668000      1.66e-03      1.66e-03    2.0e-06
1669000      1.85e-03      1.85e-03    2.0e-06
1670000      1.63e-03      1.63e-03    1.9e-06
1671000      1.39e-03      1.39e-03    1.9e-06
1672000      1.51e-03      1.51e-03    1.9e-06
1673000      2.09e-03      2.09e-03    1.9e-06
1674000      2.05e-03      2.05e-03    1.9e-06
1675000      1.53e-03      1.53e-03    1.9e-06
1676000      1.82e-03      1.82e-03    1.9e-06
1677000      1.28e-03      1.28e-03    1.9e-06
1678000      1.81e-03      1.81e-03    1.9e-06
1679000      1.42e-03      1.42e-03    1.9e-06
1680000      1.25e-03      1.25e-03    1.8e-06
1681000      1.79e-03      1.79e-03    1.8e-06
1682000      1.44e-03      1.44e-03    1.8e-06
1683000      1.49e-03      1.49e-03    1.8e-06
1684000      1.61e-03      1.61e-03    1.8e-06
1685000      2.22e-03      2.22e-03    1.8e-06
1686000      1.54e-03      1.54e-03    1.8e-06
1687000      1.74e-03      1.74e-03    1.8e-06
1688000      1.38e-03      1.38e-03    1.8e-06
1689000      1.45e-03      1.45e-03    1.8e-06
1690000      2.13e-03      2.13e-03    1.7e-06
1691000      1.43e-03      1.43e-03    1.7e-06
1692000      1.94e-03      1.94e-03    1.7e-06
1693000      1.78e-03      1.78e-03    1.7e-06
1694000      1.96e-03      1.96e-03    1.7e-06
1695000      1.72e-03      1.72e-03    1.7e-06
1696000      2.98e-03      2.98e-03    1.7e-06
1697000      1.41e-03      1.41e-03    1.7e-06
1698000      1.28e-03      1.28e-03    1.7e-06
1699000      1.36e-03      1.36e-03    1.7e-06
1700000      1.27e-03      1.27e-03    1.6e-06
1701000      1.34e-03      1.34e-03    1.6e-06
1702000      1.37e-03      1.37e-03    1.6e-06
1703000      2.13e-03      2.13e-03    1.6e-06
1704000      1.58e-03      1.58e-03    1.6e-06
1705000      1.97e-03      1.97e-03    1.6e-06
1706000      1.96e-03      1.96e-03    1.6e-06
1707000      1.37e-03      1.37e-03    1.6e-06
1708000      1.62e-03      1.62e-03    1.6e-06
1709000      1.86e-03      1.86e-03    1.6e-06
1710000      1.39e-03      1.39e-03    1.5e-06
1711000      2.13e-03      2.13e-03    1.5e-06
1712000      1.52e-03      1.52e-03    1.5e-06
1713000      1.75e-03      1.75e-03    1.5e-06
1714000      1.31e-03      1.31e-03    1.5e-06
1715000      1.51e-03      1.51e-03    1.5e-06
1716000      1.85e-03      1.85e-03    1.5e-06
1717000      1.24e-03      1.24e-03    1.5e-06
1718000      1.44e-03      1.44e-03    1.5e-06
1719000      1.70e-03      1.70e-03    1.5e-06
1720000      1.82e-03      1.82e-03    1.5e-06
1721000      1.59e-03      1.59e-03    1.5e-06
1722000      1.78e-03      1.78e-03    1.5e-06
1723000      1.44e-03      1.44e-03    1.5e-06
1724000      1.57e-03      1.57e-03    1.5e-06
1725000      1.78e-03      1.78e-03    1.4e-06
1726000      2.06e-03      2.06e-03    1.4e-06
1727000      1.93e-03      1.93e-03    1.4e-06
1728000      2.50e-03      2.50e-03    1.4e-06
1729000      2.01e-03      2.01e-03    1.4e-06
1730000      1.95e-03      1.95e-03    1.4e-06
1731000      1.63e-03      1.63e-03    1.4e-06
1732000      1.46e-03      1.46e-03    1.4e-06
1733000      1.59e-03      1.59e-03    1.4e-06
1734000      1.52e-03      1.52e-03    1.4e-06
1735000      1.58e-03      1.58e-03    1.4e-06
1736000      1.56e-03      1.56e-03    1.4e-06
1737000      2.09e-03      2.09e-03    1.4e-06
1738000      1.87e-03      1.87e-03    1.4e-06
1739000      1.89e-03      1.89e-03    1.4e-06
1740000      1.36e-03      1.36e-03    1.3e-06
1741000      1.54e-03      1.54e-03    1.3e-06
1742000      1.47e-03      1.47e-03    1.3e-06
1743000      1.67e-03      1.67e-03    1.3e-06
1744000      1.46e-03      1.46e-03    1.3e-06
1745000      1.43e-03      1.43e-03    1.3e-06
1746000      1.50e-03      1.50e-03    1.3e-06
1747000      1.40e-03      1.40e-03    1.3e-06
1748000      2.37e-03      2.37e-03    1.3e-06
1749000      1.32e-03      1.32e-03    1.3e-06
1750000      1.58e-03      1.58e-03    1.3e-06
1751000      1.74e-03      1.74e-03    1.3e-06
1752000      1.86e-03      1.86e-03    1.3e-06
1753000      1.64e-03      1.64e-03    1.3e-06
1754000      1.72e-03      1.72e-03    1.3e-06
1755000      1.95e-03      1.95e-03    1.2e-06
1756000      2.68e-03      2.68e-03    1.2e-06
1757000      1.74e-03      1.74e-03    1.2e-06
1758000      1.43e-03      1.43e-03    1.2e-06
1759000      1.75e-03      1.75e-03    1.2e-06
1760000      1.73e-03      1.73e-03    1.2e-06
1761000      2.17e-03      2.17e-03    1.2e-06
1762000      1.75e-03      1.75e-03    1.2e-06
1763000      1.39e-03      1.39e-03    1.2e-06
1764000      2.05e-03      2.05e-03    1.2e-06
1765000      1.54e-03      1.54e-03    1.2e-06
1766000      1.56e-03      1.56e-03    1.2e-06
1767000      1.50e-03      1.50e-03    1.2e-06
1768000      1.37e-03      1.37e-03    1.2e-06
1769000      1.74e-03      1.74e-03    1.2e-06
1770000      1.30e-03      1.30e-03    1.1e-06
1771000      1.68e-03      1.68e-03    1.1e-06
1772000      1.49e-03      1.49e-03    1.1e-06
1773000      1.68e-03      1.68e-03    1.1e-06
1774000      1.45e-03      1.45e-03    1.1e-06
1775000      1.40e-03      1.40e-03    1.1e-06
1776000      1.50e-03      1.50e-03    1.1e-06
1777000      1.43e-03      1.43e-03    1.1e-06
1778000      2.09e-03      2.09e-03    1.1e-06
1779000      1.69e-03      1.69e-03    1.1e-06
1780000      1.80e-03      1.80e-03    1.1e-06
1781000      1.39e-03      1.39e-03    1.1e-06
1782000      2.32e-03      2.32e-03    1.1e-06
1783000      1.39e-03      1.39e-03    1.1e-06
1784000      1.96e-03      1.96e-03    1.1e-06
1785000      1.18e-03      1.18e-03    1.1e-06
1786000      1.40e-03      1.40e-03    1.1e-06
1787000      2.05e-03      2.05e-03    1.1e-06
1788000      1.51e-03      1.51e-03    1.1e-06
1789000      1.50e-03      1.50e-03    1.1e-06
1790000      1.82e-03      1.82e-03    1.0e-06
1791000      1.45e-03      1.45e-03    1.0e-06
1792000      1.96e-03      1.96e-03    1.0e-06
1793000      1.51e-03      1.51e-03    1.0e-06
1794000      1.39e-03      1.39e-03    1.0e-06
1795000      1.45e-03      1.45e-03    1.0e-06
1796000      1.42e-03      1.42e-03    1.0e-06
1797000      1.52e-03      1.52e-03    1.0e-06
1798000      2.08e-03      2.08e-03    1.0e-06
1799000      1.46e-03      1.46e-03    1.0e-06
1800000      2.03e-03      2.03e-03    9.8e-07
1801000      1.50e-03      1.50e-03    9.8e-07
1802000      1.68e-03      1.68e-03    9.8e-07
1803000      2.17e-03      2.17e-03    9.8e-07
1804000      1.34e-03      1.34e-03    9.8e-07
1805000      1.48e-03      1.48e-03    9.5e-07
1806000      1.37e-03      1.37e-03    9.5e-07
1807000      1.51e-03      1.51e-03    9.5e-07
1808000      1.40e-03      1.40e-03    9.5e-07
1809000      1.85e-03      1.85e-03    9.5e-07
1810000      1.90e-03      1.90e-03    9.3e-07
1811000      1.62e-03      1.62e-03    9.3e-07
1812000      1.64e-03      1.64e-03    9.3e-07
1813000      1.65e-03      1.65e-03    9.3e-07
1814000      1.53e-03      1.53e-03    9.3e-07
1815000      1.37e-03      1.37e-03    9.0e-07
1816000      2.49e-03      2.49e-03    9.0e-07
1817000      1.26e-03      1.26e-03    9.0e-07
1818000      1.47e-03      1.47e-03    9.0e-07
1819000      1.54e-03      1.54e-03    9.0e-07
1820000      1.61e-03      1.61e-03    8.8e-07
1821000      1.66e-03      1.66e-03    8.8e-07
1822000      1.39e-03      1.39e-03    8.8e-07
1823000      1.38e-03      1.38e-03    8.8e-07
1824000      1.46e-03      1.46e-03    8.8e-07
1825000      1.84e-03      1.84e-03    8.6e-07
1826000      1.90e-03      1.90e-03    8.6e-07
1827000      2.03e-03      2.03e-03    8.6e-07
1828000      1.51e-03      1.51e-03    8.6e-07
1829000      1.56e-03      1.56e-03    8.6e-07
1830000      1.40e-03      1.40e-03    8.4e-07
1831000      1.73e-03      1.73e-03    8.4e-07
1832000      1.37e-03      1.37e-03    8.4e-07
1833000      1.51e-03      1.51e-03    8.4e-07
1834000      1.56e-03      1.56e-03    8.4e-07
1835000      1.52e-03      1.52e-03    8.2e-07
1836000      1.53e-03      1.53e-03    8.2e-07
1837000      1.56e-03      1.56e-03    8.2e-07
1838000      1.86e-03      1.86e-03    8.2e-07
1839000      1.73e-03      1.73e-03    8.2e-07
1840000      1.94e-03      1.94e-03    8.0e-07
1841000      1.48e-03      1.48e-03    8.0e-07
1842000      1.51e-03      1.51e-03    8.0e-07
1843000      1.92e-03      1.92e-03    8.0e-07
1844000      1.52e-03      1.52e-03    8.0e-07
1845000      1.44e-03      1.44e-03    7.8e-07
1846000      1.99e-03      1.99e-03    7.8e-07
1847000      1.64e-03      1.64e-03    7.8e-07
1848000      1.61e-03      1.61e-03    7.8e-07
1849000      1.73e-03      1.73e-03    7.8e-07
1850000      1.38e-03      1.38e-03    7.6e-07
1851000      1.72e-03      1.72e-03    7.6e-07
1852000      1.54e-03      1.54e-03    7.6e-07
1853000      1.59e-03      1.59e-03    7.6e-07
1854000      1.81e-03      1.81e-03    7.6e-07
1855000      1.47e-03      1.47e-03    7.4e-07
1856000      1.41e-03      1.41e-03    7.4e-07
1857000      1.36e-03      1.36e-03    7.4e-07
1858000      1.49e-03      1.49e-03    7.4e-07
1859000      2.22e-03      2.22e-03    7.4e-07
1860000      1.25e-03      1.25e-03    7.2e-07
1861000      1.28e-03      1.28e-03    7.2e-07
1862000      1.93e-03      1.93e-03    7.2e-07
1863000      1.50e-03      1.50e-03    7.2e-07
1864000      1.41e-03      1.41e-03    7.2e-07
1865000      1.98e-03      1.98e-03    7.0e-07
1866000      1.38e-03      1.38e-03    7.0e-07
1867000      3.01e-03      3.01e-03    7.0e-07
1868000      1.82e-03      1.82e-03    7.0e-07
1869000      1.39e-03      1.39e-03    7.0e-07
1870000      1.63e-03      1.63e-03    6.8e-07
1871000      2.33e-03      2.33e-03    6.8e-07
1872000      1.90e-03      1.90e-03    6.8e-07
1873000      1.96e-03      1.96e-03    6.8e-07
1874000      1.65e-03      1.65e-03    6.8e-07
1875000      1.85e-03      1.85e-03    6.6e-07
1876000      1.69e-03      1.69e-03    6.6e-07
1877000      1.43e-03      1.43e-03    6.6e-07
1878000      1.42e-03      1.42e-03    6.6e-07
1879000      1.47e-03      1.47e-03    6.6e-07
1880000      1.68e-03      1.68e-03    6.5e-07
1881000      1.31e-03      1.31e-03    6.5e-07
1882000      1.95e-03      1.95e-03    6.5e-07
1883000      1.39e-03      1.39e-03    6.5e-07
1884000      1.94e-03      1.94e-03    6.5e-07
1885000      1.44e-03      1.44e-03    6.3e-07
1886000      1.57e-03      1.57e-03    6.3e-07
1887000      1.79e-03      1.79e-03    6.3e-07
1888000      1.20e-03      1.20e-03    6.3e-07
1889000      2.91e-03      2.91e-03    6.3e-07
1890000      2.25e-03      2.25e-03    6.2e-07
1891000      1.30e-03      1.30e-03    6.2e-07
1892000      2.07e-03      2.07e-03    6.2e-07
1893000      1.30e-03      1.30e-03    6.2e-07
1894000      2.10e-03      2.10e-03    6.2e-07
1895000      1.99e-03      1.99e-03    6.0e-07
1896000      1.58e-03      1.58e-03    6.0e-07
1897000      2.57e-03      2.57e-03    6.0e-07
1898000      1.61e-03      1.61e-03    6.0e-07
1899000      1.36e-03      1.36e-03    6.0e-07
1900000      1.42e-03      1.42e-03    5.8e-07
1901000      1.25e-03      1.25e-03    5.8e-07
1902000      1.33e-03      1.33e-03    5.8e-07
1903000      2.69e-03      2.69e-03    5.8e-07
1904000      2.08e-03      2.08e-03    5.8e-07
1905000      1.27e-03      1.27e-03    5.7e-07
1906000      1.49e-03      1.49e-03    5.7e-07
1907000      1.66e-03      1.66e-03    5.7e-07
1908000      1.33e-03      1.33e-03    5.7e-07
1909000      1.50e-03      1.50e-03    5.7e-07
1910000      1.43e-03      1.43e-03    5.6e-07
1911000      1.88e-03      1.88e-03    5.6e-07
1912000      1.20e-03      1.20e-03    5.6e-07
1913000      1.51e-03      1.51e-03    5.6e-07
1914000      1.46e-03      1.46e-03    5.6e-07
1915000      1.40e-03      1.40e-03    5.4e-07
1916000      1.54e-03      1.54e-03    5.4e-07
1917000      2.10e-03      2.10e-03    5.4e-07
1918000      1.60e-03      1.60e-03    5.4e-07
1919000      2.04e-03      2.04e-03    5.4e-07
1920000      1.62e-03      1.62e-03    5.3e-07
1921000      2.12e-03      2.12e-03    5.3e-07
1922000      1.62e-03      1.62e-03    5.3e-07
1923000      1.96e-03      1.96e-03    5.3e-07
1924000      1.44e-03      1.44e-03    5.3e-07
1925000      1.32e-03      1.32e-03    5.1e-07
1926000      1.59e-03      1.59e-03    5.1e-07
1927000      1.81e-03      1.81e-03    5.1e-07
1928000      2.34e-03      2.34e-03    5.1e-07
1929000      1.57e-03      1.57e-03    5.1e-07
1930000      2.05e-03      2.05e-03    5.0e-07
1931000      2.06e-03      2.06e-03    5.0e-07
1932000      1.47e-03      1.47e-03    5.0e-07
1933000      1.47e-03      1.47e-03    5.0e-07
1934000      1.25e-03      1.25e-03    5.0e-07
1935000      1.47e-03      1.47e-03    4.9e-07
1936000      1.40e-03      1.40e-03    4.9e-07
1937000      1.97e-03      1.97e-03    4.9e-07
1938000      1.15e-03      1.15e-03    4.9e-07
1939000      1.43e-03      1.43e-03    4.9e-07
1940000      1.28e-03      1.28e-03    4.8e-07
1941000      1.50e-03      1.50e-03    4.8e-07
1942000      1.95e-03      1.95e-03    4.8e-07
1943000      1.60e-03      1.60e-03    4.8e-07
1944000      1.44e-03      1.44e-03    4.8e-07
1945000      2.23e-03      2.23e-03    4.6e-07
1946000      1.73e-03      1.73e-03    4.6e-07
1947000      1.58e-03      1.58e-03    4.6e-07
1948000      1.81e-03      1.81e-03    4.6e-07
1949000      1.30e-03      1.30e-03    4.6e-07
1950000      1.82e-03      1.82e-03    4.5e-07
1951000      2.54e-03      2.54e-03    4.5e-07
1952000      1.51e-03      1.51e-03    4.5e-07
1953000      1.75e-03      1.75e-03    4.5e-07
1954000      1.63e-03      1.63e-03    4.5e-07
1955000      2.03e-03      2.03e-03    4.4e-07
1956000      1.81e-03      1.81e-03    4.4e-07
1957000      1.79e-03      1.79e-03    4.4e-07
1958000      1.53e-03      1.53e-03    4.4e-07
1959000      1.75e-03      1.75e-03    4.4e-07
1960000      1.45e-03      1.45e-03    4.3e-07
1961000      2.08e-03      2.08e-03    4.3e-07
1962000      1.73e-03      1.73e-03    4.3e-07
1963000      1.95e-03      1.95e-03    4.3e-07
1964000      1.54e-03      1.54e-03    4.3e-07
1965000      2.09e-03      2.09e-03    4.2e-07
1966000      1.47e-03      1.47e-03    4.2e-07
1967000      1.43e-03      1.43e-03    4.2e-07
1968000      2.08e-03      2.08e-03    4.2e-07
1969000      1.51e-03      1.51e-03    4.2e-07
1970000      1.40e-03      1.40e-03    4.1e-07
1971000      1.58e-03      1.58e-03    4.1e-07
1972000      1.88e-03      1.88e-03    4.1e-07
1973000      1.37e-03      1.37e-03    4.1e-07
1974000      1.77e-03      1.77e-03    4.1e-07
1975000      1.51e-03      1.51e-03    4.0e-07
1976000      1.60e-03      1.60e-03    4.0e-07
1977000      1.35e-03      1.35e-03    4.0e-07
1978000      1.41e-03      1.41e-03    4.0e-07
1979000      1.85e-03      1.85e-03    4.0e-07
1980000      1.44e-03      1.44e-03    3.9e-07
1981000      1.46e-03      1.46e-03    3.9e-07
1982000      2.13e-03      2.13e-03    3.9e-07
1983000      1.45e-03      1.45e-03    3.9e-07
1984000      1.58e-03      1.58e-03    3.9e-07
1985000      1.78e-03      1.78e-03    3.8e-07
1986000      1.64e-03      1.64e-03    3.8e-07
1987000      1.37e-03      1.37e-03    3.8e-07
1988000      2.02e-03      2.02e-03    3.8e-07
1989000      1.96e-03      1.96e-03    3.8e-07
1990000      1.33e-03      1.33e-03    3.7e-07
1991000      1.87e-03      1.87e-03    3.7e-07
1992000      1.79e-03      1.79e-03    3.7e-07
1993000      1.54e-03      1.54e-03    3.7e-07
1994000      1.74e-03      1.74e-03    3.7e-07
1995000      1.45e-03      1.45e-03    3.6e-07
1996000      1.38e-03      1.38e-03    3.6e-07
1997000      1.70e-03      1.70e-03    3.6e-07
1998000      1.27e-03      1.27e-03    3.6e-07
1999000      1.84e-03      1.84e-03    3.6e-07
2000000      1.76e-03      1.76e-03    3.5e-07
